<html>
<head>
<title>TestNG:  Unityworks</title>
<link href="../testng.css" rel="stylesheet" type="text/css" />
<link href="../my-testng.css" rel="stylesheet" type="text/css" />

<style type="text/css">
.log { display: none;} 
.stack-trace { display: none;} 
</style>
<script type="text/javascript">
<!--
function flip(e) {
  current = e.style.display;
  if (current == 'block') {
    e.style.display = 'none';
    return 0;
  }
  else {
    e.style.display = 'block';
    return 1;
  }
}

function toggleBox(szDivId, elem, msg1, msg2)
{
  var res = -1;  if (document.getElementById) {
    res = flip(document.getElementById(szDivId));
  }
  else if (document.all) {
    // this is the way old msie versions work
    res = flip(document.all[szDivId]);
  }
  if(elem) {
    if(res == 0) elem.innerHTML = msg1; else elem.innerHTML = msg2;
  }

}

function toggleAllBoxes() {
  if (document.getElementsByTagName) {
    d = document.getElementsByTagName('div');
    for (i = 0; i < d.length; i++) {
      if (d[i].className == 'log') {
        flip(d[i]);
      }
    }
  }
}

// -->
</script>

</head>
<body>
<h2 align='center'>Unityworks</h2><table border='1' align="center">
<tr>
<td>Tests passed/Failed/Skipped:</td><td>60/0/18</td>
</tr><tr>
<td>Started on:</td><td>Mon Apr 16 16:24:55 IST 2018</td>
</tr>
<tr><td>Total time:</td><td>1659 seconds (1659354 ms)</td>
</tr><tr>
<td>Included groups:</td><td></td>
</tr><tr>
<td>Excluded groups:</td><td></td>
</tr>
</table><p/>
<small><i>(Hover the method name to see the test class name)</i></small><p/>
<table width='100%' border='1' class='invocation-passed'>
<tr><td colspan='4' align='center'><b>PASSED TESTS</b></td></tr>
<tr><td><b>Test method</b></td>
<td width="30%"><b>Exception</b></td>
<td width="10%"><b>Time (seconds)</b></td>
<td><b>Instance</b></td>
</tr>
<tr>
<td title='com.unityworks.testcases.AffinitiveTest.verifyPageViewandReportTitle()'><b>verifyPageViewandReportTitle</b><br>Test class: com.unityworks.testcases.AffinitiveTest<br>Parameters: Epsilon, BMW Airbag Recall, //span[text()='BMW Airbag Recall'], //*[@id='first_report']/tbody/tr[last()]/td[5]/b, BMW Airbag Recall, 398, Yes</td>
<td></td>
<td>33</td>
<td>com.unityworks.testcases.AffinitiveTest@2b4bac49</td></tr>
<tr>
<td title='com.unityworks.testcases.AffinitiveTest.verifyPageViewandReportTitle()'><b>verifyPageViewandReportTitle</b><br>Test class: com.unityworks.testcases.AffinitiveTest<br>Parameters: Epsilon, 2014 Sales Touches Round 1, //span[text()='Epsilon Sales Touch'], //*[@id='first_report']/tbody/tr[last()]/td[5]/b, Epsilon Sales Touch, 95, Yes</td>
<td></td>
<td>27</td>
<td>com.unityworks.testcases.AffinitiveTest@2b4bac49</td></tr>
<tr>
<td title='com.unityworks.testcases.AffinitiveTest.verifyPageViewandReportTitle()'><b>verifyPageViewandReportTitle</b><br>Test class: com.unityworks.testcases.AffinitiveTest<br>Parameters: Epsilon, BMW T2, //span[text()='Epsilon BMW T2'], //*[@id='first_report']/tbody/tr[last()]/td[5]/b, Epsilon BMW T2, , Yes</td>
<td></td>
<td>26</td>
<td>com.unityworks.testcases.AffinitiveTest@2b4bac49</td></tr>
<tr>
<td title='com.unityworks.testcases.AffinitiveTest.verifyPageViewandReportTitle()'><b>verifyPageViewandReportTitle</b><br>Test class: com.unityworks.testcases.AffinitiveTest<br>Parameters: Epsilon, Business Elite, //span[text()='Epsilon Business Elite Standard, Non-Standard Report'], //*[@id='first_report']/tbody/tr[last()]/td[3]/b, Epsilon Business Elite Standard, Non-Standard Report, 1, Yes</td>
<td></td>
<td>25</td>
<td>com.unityworks.testcases.AffinitiveTest@2b4bac49</td></tr>
<tr>
<td title='com.unityworks.testcases.AffinitiveTest.verifyPageViewandReportTitle()'><b>verifyPageViewandReportTitle</b><br>Test class: com.unityworks.testcases.AffinitiveTest<br>Parameters: Epsilon, CSSR - Car Care, //span[text()='Epsilon Car Care Report'], //*[@id='first_report']/tbody/tr[last()]/td[5]/b, Epsilon Car Care Report, 1926, Yes</td>
<td></td>
<td>33</td>
<td>com.unityworks.testcases.AffinitiveTest@2b4bac49</td></tr>
<tr>
<td title='com.unityworks.testcases.AffinitiveTest.verifyPageViewandReportTitle()'><b>verifyPageViewandReportTitle</b><br>Test class: com.unityworks.testcases.AffinitiveTest<br>Parameters: Epsilon, CSSR - EVO, //span[text()='Epsilon EVO Report'], //tbody/tr[last()]/td[5]/b, Epsilon EVO Report, 729, Yes</td>
<td></td>
<td>34</td>
<td>com.unityworks.testcases.AffinitiveTest@2b4bac49</td></tr>
<tr>
<td title='com.unityworks.testcases.AffinitiveTest.verifyPageViewandReportTitle()'><b>verifyPageViewandReportTitle</b><br>Test class: com.unityworks.testcases.AffinitiveTest<br>Parameters: Epsilon, CSSR - EVO & OLA Combined, //span[text()='EVO OLA Combined Report'], //*[@id='first_report']/tbody/tr[last()]/td[5]/b, EVO OLA Combined Report, 5734, Yes</td>
<td></td>
<td>44</td>
<td>com.unityworks.testcases.AffinitiveTest@2b4bac49</td></tr>
<tr>
<td title='com.unityworks.testcases.AffinitiveTest.verifyPageViewandReportTitle()'><b>verifyPageViewandReportTitle</b><br>Test class: com.unityworks.testcases.AffinitiveTest<br>Parameters: Epsilon, CSSR - OLA, //span[text()='Epsilon OLA Report'], //*[@id='first_report']/tbody/tr[last()]/td[5]/b, Epsilon OLA Report, 5005, Yes</td>
<td></td>
<td>35</td>
<td>com.unityworks.testcases.AffinitiveTest@2b4bac49</td></tr>
<tr>
<td title='com.unityworks.testcases.AffinitiveTest.verifyPageViewandReportTitle()'><b>verifyPageViewandReportTitle</b><br>Test class: com.unityworks.testcases.AffinitiveTest<br>Parameters: Epsilon, CSSR Lease, //span[text()='Epsilon CSSR Lease Report'], //*[@id='first_report']/tbody/tr[last()]/td[5]/b, Epsilon CSSR Lease Report, 184, Yes</td>
<td></td>
<td>32</td>
<td>com.unityworks.testcases.AffinitiveTest@2b4bac49</td></tr>
<tr>
<td title='com.unityworks.testcases.AffinitiveTest.verifyPageViewandReportTitle()'><b>verifyPageViewandReportTitle</b><br>Test class: com.unityworks.testcases.AffinitiveTest<br>Parameters: Epsilon, Cherokee, //span[text()='Cherokee Report'], //tbody/tr[last()]/td[3]/b, Cherokee Report, 33, Yes</td>
<td></td>
<td>25</td>
<td>com.unityworks.testcases.AffinitiveTest@2b4bac49</td></tr>
<tr>
<td title='com.unityworks.testcases.AffinitiveTest.verifyPageViewandReportTitle()'><b>verifyPageViewandReportTitle</b><br>Test class: com.unityworks.testcases.AffinitiveTest<br>Parameters: Epsilon, Ford Service, //span[text()='Ford Report'], //tbody/tr[last()]/td[3]/b, Ford Report, 33, Yes</td>
<td></td>
<td>25</td>
<td>com.unityworks.testcases.AffinitiveTest@2b4bac49</td></tr>
<tr>
<td title='com.unityworks.testcases.AffinitiveTest.verifyPageViewandReportTitle()'><b>verifyPageViewandReportTitle</b><br>Test class: com.unityworks.testcases.AffinitiveTest<br>Parameters: Epsilon, Ford Truck, //span[text()='Ford Truck Report'], //tbody/tr[last()]/td[3]/b, Ford Truck Report, 8, Yes</td>
<td></td>
<td>27</td>
<td>com.unityworks.testcases.AffinitiveTest@2b4bac49</td></tr>
<tr>
<td title='com.unityworks.testcases.AffinitiveTest.verifyPageViewandReportTitle()'><b>verifyPageViewandReportTitle</b><br>Test class: com.unityworks.testcases.AffinitiveTest<br>Parameters: Epsilon, Honda LCC, //span[text()='Honda Lcc'], //tbody/tr[last()]/td[5]/b, Honda Lcc, 1328, Yes</td>
<td></td>
<td>30</td>
<td>com.unityworks.testcases.AffinitiveTest@2b4bac49</td></tr>
<tr>
<td title='com.unityworks.testcases.AffinitiveTest.verifyPageViewandReportTitle()'><b>verifyPageViewandReportTitle</b><br>Test class: com.unityworks.testcases.AffinitiveTest<br>Parameters: Epsilon, Honda SPS, //span[text()='Honda SPS'], //tbody/tr[last()]/td[5]/b, Honda SPS, 1579, Yes</td>
<td></td>
<td>28</td>
<td>com.unityworks.testcases.AffinitiveTest@2b4bac49</td></tr>
<tr>
<td title='com.unityworks.testcases.AffinitiveTest.verifyPageViewandReportTitle()'><b>verifyPageViewandReportTitle</b><br>Test class: com.unityworks.testcases.AffinitiveTest<br>Parameters: Epsilon, Hyundai EM, //span[text()='Hyundai EM'], //tbody/tr[last()]/td[5]/b, Hyundai EM, 3319, Yes</td>
<td></td>
<td>33</td>
<td>com.unityworks.testcases.AffinitiveTest@2b4bac49</td></tr>
<tr>
<td title='com.unityworks.testcases.AffinitiveTest.verifyPageViewandReportTitle()'><b>verifyPageViewandReportTitle</b><br>Test class: com.unityworks.testcases.AffinitiveTest<br>Parameters: Epsilon, Intercept National LMA, //span[text()='Epsilon National LMA Report'], //tbody/tr[last()]/td[4]/b, Epsilon National LMA Report, 89, Yes</td>
<td></td>
<td>26</td>
<td>com.unityworks.testcases.AffinitiveTest@2b4bac49</td></tr>
<tr>
<td title='com.unityworks.testcases.AffinitiveTest.verifyPageViewandReportTitle()'><b>verifyPageViewandReportTitle</b><br>Test class: com.unityworks.testcases.AffinitiveTest<br>Parameters: Epsilon, Jaguar F-Type, //span[text()='Jaguar F Type'], //tbody/tr[last()]/td[3]/b, Jaguar F Type, 3, Yes</td>
<td></td>
<td>25</td>
<td>com.unityworks.testcases.AffinitiveTest@2b4bac49</td></tr>
<tr>
<td title='com.unityworks.testcases.AffinitiveTest.verifyPageViewandReportTitle()'><b>verifyPageViewandReportTitle</b><br>Test class: com.unityworks.testcases.AffinitiveTest<br>Parameters: Epsilon, Mazda Airbag, //span[text()='Mazda Airbag'], //tbody/tr[last()]/td[5]/b, Mazda Airbag, 2, Yes</td>
<td></td>
<td>25</td>
<td>com.unityworks.testcases.AffinitiveTest@2b4bac49</td></tr>
<tr>
<td title='com.unityworks.testcases.AffinitiveTest.verifyPageViewandReportTitle()'><b>verifyPageViewandReportTitle</b><br>Test class: com.unityworks.testcases.AffinitiveTest<br>Parameters: Epsilon, Mercedes Benz, //span[text()='Epsilon Mercedes Benz'], //tbody/tr[last()]/td[3]/b, Epsilon Mercedes Benz, 3, Yes</td>
<td></td>
<td>25</td>
<td>com.unityworks.testcases.AffinitiveTest@2b4bac49</td></tr>
<tr>
<td title='com.unityworks.testcases.AffinitiveTest.verifyPageViewandReportTitle()'><b>verifyPageViewandReportTitle</b><br>Test class: com.unityworks.testcases.AffinitiveTest<br>Parameters: Epsilon, OnPoint OnTarget Combined, //span[text()='Epsilon OnTarget and OnPoint Report'], //tbody/tr[last()]/td[5]/b, Epsilon OnTarget and OnPoint Report, 891, Yes</td>
<td></td>
<td>26</td>
<td>com.unityworks.testcases.AffinitiveTest@2b4bac49</td></tr>
<tr>
<td title='com.unityworks.testcases.AffinitiveTest.verifyPageViewandReportTitle()'><b>verifyPageViewandReportTitle</b><br>Test class: com.unityworks.testcases.AffinitiveTest<br>Parameters: Epsilon, OnTarget, //span[text()='Epsilon OnTarget Report'], //tbody/tr[last()]/td[5]/b, Epsilon OnTarget Report, 438, Yes</td>
<td></td>
<td>29</td>
<td>com.unityworks.testcases.AffinitiveTest@2b4bac49</td></tr>
<tr>
<td title='com.unityworks.testcases.AffinitiveTest.verifyPageViewandReportTitle()'><b>verifyPageViewandReportTitle</b><br>Test class: com.unityworks.testcases.AffinitiveTest<br>Parameters: Epsilon, Used VIN Video - GM, //span[text()='Epsilon Used VIN Video - GM'], //tbody/tr[last()]/td[5]/b, Epsilon Used VIN Video - GM, 95, Yes</td>
<td></td>
<td>27</td>
<td>com.unityworks.testcases.AffinitiveTest@2b4bac49</td></tr>
<tr>
<td title='com.unityworks.testcases.AffinitiveTest.verifyPageViewandReportTitle()'><b>verifyPageViewandReportTitle</b><br>Test class: com.unityworks.testcases.AffinitiveTest<br>Parameters: Epsilon, eOnPoint, //span[text()='Epsilon eOnPoint Report'], //tbody/tr[last()]/td[5]/b, Epsilon eOnPoint Report, 59, Yes</td>
<td></td>
<td>25</td>
<td>com.unityworks.testcases.AffinitiveTest@2b4bac49</td></tr>
<tr>
<td title='com.unityworks.testcases.AffinitiveTest.verifyPageViewandReportTitle()'><b>verifyPageViewandReportTitle</b><br>Test class: com.unityworks.testcases.AffinitiveTest<br>Parameters: Epsilon, eStrike Service - GM, //span[text()='Epsilon eStrike Service - GM '], //tbody/tr[last()]/td[3]/b, Epsilon eStrike Service - GM, , Yes</td>
<td></td>
<td>25</td>
<td>com.unityworks.testcases.AffinitiveTest@2b4bac49</td></tr>
<tr>
<td title='com.unityworks.testcases.AffinitiveTest.verifyPageViewandReportTitle()'><b>verifyPageViewandReportTitle</b><br>Test class: com.unityworks.testcases.AffinitiveTest<br>Parameters: Affinitiv, BMW Affinitiv Tire, //span[text()='Bmw Affinitiv Tire'], //tbody/tr[last()]/td[5]/b, Bmw Affinitiv Tire, 4, Yes</td>
<td></td>
<td>25</td>
<td>com.unityworks.testcases.AffinitiveTest@2b4bac49</td></tr>
<tr>
<td title='com.unityworks.testcases.AffinitiveTest.verifyPageViewandReportTitle()'><b>verifyPageViewandReportTitle</b><br>Test class: com.unityworks.testcases.AffinitiveTest<br>Parameters: Affinitiv, BMW SCP Affinitiv, //span[text()='Bmw Affinitiv Scp'], //tbody/tr[last()]/td[5]/b, Bmw Affinitiv Scp, 62, Yes</td>
<td></td>
<td>25</td>
<td>com.unityworks.testcases.AffinitiveTest@2b4bac49</td></tr>
<tr>
<td title='com.unityworks.testcases.AffinitiveTest.verifyPageViewandReportTitle()'><b>verifyPageViewandReportTitle</b><br>Test class: com.unityworks.testcases.AffinitiveTest<br>Parameters: Affinitiv, Lexus Affinitiv Tire, //span[text()='Lexus Affinitiv Tire'], //tbody/tr[last()]/td[5]/b, Lexus Affinitiv Tire, 4, Yes</td>
<td></td>
<td>25</td>
<td>com.unityworks.testcases.AffinitiveTest@2b4bac49</td></tr>
<tr>
<td title='com.unityworks.testcases.AffinitiveTest.verifyPageViewandReportTitle()'><b>verifyPageViewandReportTitle</b><br>Test class: com.unityworks.testcases.AffinitiveTest<br>Parameters: Campaign Manager, Agency 720, //span[text()='Agency 720'], //tbody/tr[last()]/td[2]/b, Agency 720, 1905, Yes</td>
<td></td>
<td>29</td>
<td>com.unityworks.testcases.AffinitiveTest@2b4bac49</td></tr>
<tr>
<td title='com.unityworks.testcases.AffinitiveTest.verifyPageViewandReportTitle()'><b>verifyPageViewandReportTitle</b><br>Test class: com.unityworks.testcases.AffinitiveTest<br>Parameters: Campaign Manager, Agency 720 DC and GA, //span[text()='Intercept Report : A720 Heartland Chevy Dealers'], //tbody/tr[last()-1]/td[10]/b, Intercept Report : A720 Heartland Chevy Dealers, 1889, Yes</td>
<td></td>
<td>30</td>
<td>com.unityworks.testcases.AffinitiveTest@2b4bac49</td></tr>
<tr>
<td title='com.unityworks.testcases.AffinitiveTest.verifyPageViewandReportTitle()'><b>verifyPageViewandReportTitle</b><br>Test class: com.unityworks.testcases.AffinitiveTest<br>Parameters: Campaign Manager, Ford Sales, //span[text()='Ford Report'], //tbody/tr[last()]/td[5]/b, Ford Report, 37, Yes</td>
<td></td>
<td>26</td>
<td>com.unityworks.testcases.AffinitiveTest@2b4bac49</td></tr>
<tr>
<td title='com.unityworks.testcases.AffinitiveTest.verifyPageViewandReportTitle()'><b>verifyPageViewandReportTitle</b><br>Test class: com.unityworks.testcases.AffinitiveTest<br>Parameters: Campaign Manager, Kia, //span[text()='Kia Report'], //tbody/tr[last()]/td[3]/b, Kia Report, 260, Yes</td>
<td></td>
<td>26</td>
<td>com.unityworks.testcases.AffinitiveTest@2b4bac49</td></tr>
<tr>
<td title='com.unityworks.testcases.AffinitiveTest.verifyPageViewandReportTitle()'><b>verifyPageViewandReportTitle</b><br>Test class: com.unityworks.testcases.AffinitiveTest<br>Parameters: Chrysler Pacifica, Chrysler Pacifica, //span[text()='Chrysler Pacifica Report'], //tbody/tr[last()]/td[3]/b, Chrysler Pacifica Report, , Yes</td>
<td></td>
<td>25</td>
<td>com.unityworks.testcases.AffinitiveTest@2b4bac49</td></tr>
<tr>
<td title='com.unityworks.testcases.AffinitiveTest.verifyPageViewandReportTitle()'><b>verifyPageViewandReportTitle</b><br>Test class: com.unityworks.testcases.AffinitiveTest<br>Parameters: Dialogue Direct, Honda Airbag, //span[text()='Epsilon Honda Airbag'], //tbody/tr[last()]/td[3]/b, Epsilon Honda Airbag, , Yes</td>
<td></td>
<td>25</td>
<td>com.unityworks.testcases.AffinitiveTest@2b4bac49</td></tr>
<tr>
<td title='com.unityworks.testcases.AffinitiveTest.verifyPageViewandReportTitle()'><b>verifyPageViewandReportTitle</b><br>Test class: com.unityworks.testcases.AffinitiveTest<br>Parameters: Fiat Chrysler Automobiles, BMW T3, //span[text()='Bmw T3'], //tbody/tr[last()]/td[3]/b, Bmw T3, 31, Yes</td>
<td></td>
<td>25</td>
<td>com.unityworks.testcases.AffinitiveTest@2b4bac49</td></tr>
<tr>
<td title='com.unityworks.testcases.AffinitiveTest.verifyPageViewandReportTitle()'><b>verifyPageViewandReportTitle</b><br>Test class: com.unityworks.testcases.AffinitiveTest<br>Parameters: Fiat Chrysler Automobiles, CBC T2.5 Commercial, //span[text()='CBC T2.5 Commercial'], //tbody/tr[last()]/td[2]/b, CBC T2.5 Commercial, 202, Yes</td>
<td></td>
<td>25</td>
<td>com.unityworks.testcases.AffinitiveTest@2b4bac49</td></tr>
<tr>
<td title='com.unityworks.testcases.AffinitiveTest.verifyPageViewandReportTitle()'><b>verifyPageViewandReportTitle</b><br>Test class: com.unityworks.testcases.AffinitiveTest<br>Parameters: Fiat Chrysler Automobiles, California BC, //span[text()='California BC'], //tbody/tr[last()]/td[2]/b, California BC, 11, Yes</td>
<td></td>
<td>25</td>
<td>com.unityworks.testcases.AffinitiveTest@2b4bac49</td></tr>
<tr>
<td title='com.unityworks.testcases.AffinitiveTest.verifyPageViewandReportTitle()'><b>verifyPageViewandReportTitle</b><br>Test class: com.unityworks.testcases.AffinitiveTest<br>Parameters: Fiat Chrysler Automobiles, Commercial, //span[text()='Commercial'], //tbody/tr[last()]/td[2]/b, Commercial, 900, Yes</td>
<td></td>
<td>25</td>
<td>com.unityworks.testcases.AffinitiveTest@2b4bac49</td></tr>
<tr>
<td title='com.unityworks.testcases.AffinitiveTest.verifyPageViewandReportTitle()'><b>verifyPageViewandReportTitle</b><br>Test class: com.unityworks.testcases.AffinitiveTest<br>Parameters: Fiat Chrysler Automobiles, DBC Heavy Duty Farmers, //span[text()='DBC Heavy Duty Farmers'], //tbody/tr[last()]/td[2]/b, DBC Heavy Duty Farmers, , Yes</td>
<td></td>
<td>25</td>
<td>com.unityworks.testcases.AffinitiveTest@2b4bac49</td></tr>
<tr>
<td title='com.unityworks.testcases.AffinitiveTest.verifyPageViewandReportTitle()'><b>verifyPageViewandReportTitle</b><br>Test class: com.unityworks.testcases.AffinitiveTest<br>Parameters: Fiat Chrysler Automobiles, DBC Compass Compare T2.5, //span[text()='DBC Compass Compare T2.5'], //tbody/tr[last()]/td[2]/b, DBC Compass Compare T2.5, 3, Yes</td>
<td></td>
<td>25</td>
<td>com.unityworks.testcases.AffinitiveTest@2b4bac49</td></tr>
<tr>
<td title='com.unityworks.testcases.AffinitiveTest.verifyPageViewandReportTitle()'><b>verifyPageViewandReportTitle</b><br>Test class: com.unityworks.testcases.AffinitiveTest<br>Parameters: Fiat Chrysler Automobiles, DBC Mopar, //span[text()='DBC Mopar'], //tbody/tr[last()]/td[2]/b, DBC Mopar, 44, Yes</td>
<td></td>
<td>25</td>
<td>com.unityworks.testcases.AffinitiveTest@2b4bac49</td></tr>
<tr>
<td title='com.unityworks.testcases.AffinitiveTest.verifyPageViewandReportTitle()'><b>verifyPageViewandReportTitle</b><br>Test class: com.unityworks.testcases.AffinitiveTest<br>Parameters: Fiat Chrysler Automobiles, DBC ProMaster Commercial, //span[text()='DBC ProMaster Commercial'], //tbody/tr[last()]/td[2]/b, DBC ProMaster Commercial, , Yes</td>
<td></td>
<td>25</td>
<td>com.unityworks.testcases.AffinitiveTest@2b4bac49</td></tr>
<tr>
<td title='com.unityworks.testcases.AffinitiveTest.verifyPageViewandReportTitle()'><b>verifyPageViewandReportTitle</b><br>Test class: com.unityworks.testcases.AffinitiveTest<br>Parameters: Fiat Chrysler Automobiles, FCA Lease, //span[text()='Fca Lease'], //tbody/tr[last()]/td[2]/b, Fca Lease, 246, Yes</td>
<td></td>
<td>25</td>
<td>com.unityworks.testcases.AffinitiveTest@2b4bac49</td></tr>
<tr>
<td title='com.unityworks.testcases.AffinitiveTest.verifyPageViewandReportTitle()'><b>verifyPageViewandReportTitle</b><br>Test class: com.unityworks.testcases.AffinitiveTest<br>Parameters: Fiat Chrysler Automobiles, GLBC Jeep Lease, //span[text()='GLBC Jeep Lease'], //tbody/tr[last()]/td[2]/b, GLBC Jeep Lease, , Yes</td>
<td></td>
<td>25</td>
<td>com.unityworks.testcases.AffinitiveTest@2b4bac49</td></tr>
<tr>
<td title='com.unityworks.testcases.AffinitiveTest.verifyPageViewandReportTitle()'><b>verifyPageViewandReportTitle</b><br>Test class: com.unityworks.testcases.AffinitiveTest<br>Parameters: Fiat Chrysler Automobiles, GLBC RAM, //span[text()='GLBC RAM'], //tbody/tr[last()]/td[2]/b, GLBC RAM, 2, Yes</td>
<td></td>
<td>25</td>
<td>com.unityworks.testcases.AffinitiveTest@2b4bac49</td></tr>
<tr>
<td title='com.unityworks.testcases.AffinitiveTest.verifyPageViewandReportTitle()'><b>verifyPageViewandReportTitle</b><br>Test class: com.unityworks.testcases.AffinitiveTest<br>Parameters: Fiat Chrysler Automobiles, Infiniti Microsite, //span[text()='Infiniti Microsite'], //tbody/tr[last()]/td[5]/b, Infiniti Microsite, 31, Yes</td>
<td></td>
<td>25</td>
<td>com.unityworks.testcases.AffinitiveTest@2b4bac49</td></tr>
<tr>
<td title='com.unityworks.testcases.AffinitiveTest.verifyPageViewandReportTitle()'><b>verifyPageViewandReportTitle</b><br>Test class: com.unityworks.testcases.AffinitiveTest<br>Parameters: Fiat Chrysler Automobiles, Jaguar T3, //span[text()='Jaguar T3'], //tbody/tr[last()]/td[3]/b, Jaguar T3, 608, Yes</td>
<td></td>
<td>26</td>
<td>com.unityworks.testcases.AffinitiveTest@2b4bac49</td></tr>
<tr>
<td title='com.unityworks.testcases.AffinitiveTest.verifyPageViewandReportTitle()'><b>verifyPageViewandReportTitle</b><br>Test class: com.unityworks.testcases.AffinitiveTest<br>Parameters: Fiat Chrysler Automobiles, Land Rover T3, //span[text()='Land Rover T3'], //tbody/tr[last()]/td[3]/b, Land Rover T3, 237, Yes</td>
<td></td>
<td>26</td>
<td>com.unityworks.testcases.AffinitiveTest@2b4bac49</td></tr>
<tr>
<td title='com.unityworks.testcases.AffinitiveTest.verifyPageViewandReportTitle()'><b>verifyPageViewandReportTitle</b><br>Test class: com.unityworks.testcases.AffinitiveTest<br>Parameters: Fiat Chrysler Automobiles, MABC T2.5 Promaster, //span[text()='MABC T2.5 Promaster'], //tbody/tr[last()]/td[2]/b, MABC T2.5 Promaster, 2, Yes</td>
<td></td>
<td>25</td>
<td>com.unityworks.testcases.AffinitiveTest@2b4bac49</td></tr>
<tr>
<td title='com.unityworks.testcases.AffinitiveTest.verifyPageViewandReportTitle()'><b>verifyPageViewandReportTitle</b><br>Test class: com.unityworks.testcases.AffinitiveTest<br>Parameters: Fiat Chrysler Automobiles, Maserati Microsite, //span[text()='Maserati Microsite'], //tbody/tr[last()]/td[3]/b, Maserati Microsite, 3, Yes</td>
<td></td>
<td>26</td>
<td>com.unityworks.testcases.AffinitiveTest@2b4bac49</td></tr>
<tr>
<td title='com.unityworks.testcases.AffinitiveTest.verifyPageViewandReportTitle()'><b>verifyPageViewandReportTitle</b><br>Test class: com.unityworks.testcases.AffinitiveTest<br>Parameters: Fiat Chrysler Automobiles, Mopar SEBC, //span[text()='Southeast Business Center Mopar'], //tbody/tr[last()]/td[2]/b, Southeast Business Center Mopar, 13, Yes</td>
<td></td>
<td>25</td>
<td>com.unityworks.testcases.AffinitiveTest@2b4bac49</td></tr>
<tr>
<td title='com.unityworks.testcases.AffinitiveTest.verifyPageViewandReportTitle()'><b>verifyPageViewandReportTitle</b><br>Test class: com.unityworks.testcases.AffinitiveTest<br>Parameters: Fiat Chrysler Automobiles, Pacifica Tier 2.5, //span[text()='Pacifica Tier 2.5'], //tbody/tr[last()]/td[2]/b, Pacifica Tier 2.5, 1, Yes</td>
<td></td>
<td>25</td>
<td>com.unityworks.testcases.AffinitiveTest@2b4bac49</td></tr>
<tr>
<td title='com.unityworks.testcases.AffinitiveTest.verifyPageViewandReportTitle()'><b>verifyPageViewandReportTitle</b><br>Test class: com.unityworks.testcases.AffinitiveTest<br>Parameters: Fiat Chrysler Automobiles, SEBC Compass, //span[text()='SEBC Compass'], //tbody/tr[last()]/td[2]/b, SEBC Compass, , Yes</td>
<td></td>
<td>25</td>
<td>com.unityworks.testcases.AffinitiveTest@2b4bac49</td></tr>
<tr>
<td title='com.unityworks.testcases.AffinitiveTest.verifyPageViewandReportTitle()'><b>verifyPageViewandReportTitle</b><br>Test class: com.unityworks.testcases.AffinitiveTest<br>Parameters: Fiat Chrysler Automobiles, SEBC DODGE, //span[text()='SEBC DODGE'], //tbody/tr[last()]/td[2]/b, SEBC DODGE, 1837, Yes</td>
<td></td>
<td>25</td>
<td>com.unityworks.testcases.AffinitiveTest@2b4bac49</td></tr>
<tr>
<td title='com.unityworks.testcases.AffinitiveTest.verifyPageViewandReportTitle()'><b>verifyPageViewandReportTitle</b><br>Test class: com.unityworks.testcases.AffinitiveTest<br>Parameters: Fiat Chrysler Automobiles, SEBC T2.5 Alfa Romeo, //span[text()='SEBC T2.5 Alfa Romeo'], //tbody/tr[last()]/td[2]/b, SEBC T2.5 Alfa Romeo, 1, Yes</td>
<td></td>
<td>25</td>
<td>com.unityworks.testcases.AffinitiveTest@2b4bac49</td></tr>
<tr>
<td title='com.unityworks.testcases.AffinitiveTest.verifyPageViewandReportTitle()'><b>verifyPageViewandReportTitle</b><br>Test class: com.unityworks.testcases.AffinitiveTest<br>Parameters: Fiat Chrysler Automobiles, WBC T2.5 Commercial, //span[text()='WBC T2.5 Commercial'], //tbody/tr[last()]/td[2]/b, WBC T2.5 Commercial, , Yes</td>
<td></td>
<td>26</td>
<td>com.unityworks.testcases.AffinitiveTest@2b4bac49</td></tr>
<tr>
<td title='com.unityworks.testcases.AffinitiveTest.verifyPageViewandReportTitle()'><b>verifyPageViewandReportTitle</b><br>Test class: com.unityworks.testcases.AffinitiveTest<br>Parameters: LifeTouch, LifeTouch, //span[text()='Life Touch Report'], //tbody/tr[last()]/td[3]/b, Life Touch Report, , Yes</td>
<td></td>
<td>25</td>
<td>com.unityworks.testcases.AffinitiveTest@2b4bac49</td></tr>
<tr>
<td title='com.unityworks.testcases.AffinitiveTest.verifyPageViewandReportTitle()'><b>verifyPageViewandReportTitle</b><br>Test class: com.unityworks.testcases.AffinitiveTest<br>Parameters: MVP - New Schema, MVP, //span[text()='MVP Reports'], //tbody/tr[last()]/td[5]/b, MVP Reports, 10354, Yes</td>
<td></td>
<td>45</td>
<td>com.unityworks.testcases.AffinitiveTest@2b4bac49</td></tr>
<tr>
<td title='com.unityworks.testcases.AffinitiveTest.verifyPageViewandReportTitle()'><b>verifyPageViewandReportTitle</b><br>Test class: com.unityworks.testcases.AffinitiveTest<br>Parameters: National Karate, National Karate, //span[text()='National Karate Report'], //tbody/tr[last()]/td[3]/b, National Karate Report, 133, Yes</td>
<td></td>
<td>26</td>
<td>com.unityworks.testcases.AffinitiveTest@2b4bac49</td></tr>
<tr>
<td title='com.unityworks.testcases.AffinitiveTest.verifyPageViewandReportTitle()'><b>verifyPageViewandReportTitle</b><br>Test class: com.unityworks.testcases.AffinitiveTest<br>Parameters: Strategic Marketing, Strategic Marketing, //span[text()='Strategic Marketing Report'], //tbody/tr[last()]/td[3]/b, Strategic Marketing Report, 89, Yes</td>
<td></td>
<td>28</td>
<td>com.unityworks.testcases.AffinitiveTest@2b4bac49</td></tr>
<tr>
<td title='com.unityworks.testcases.AffinitiveTest.verifyPageViewandReportTitle()'><b>verifyPageViewandReportTitle</b><br>Test class: com.unityworks.testcases.AffinitiveTest<br>Parameters: UnityWorks Website, UnityWorks Website, //span[text()='UnityWorks Website Report'], //tbody/tr[last()]/td[6]/b, UnityWorks Website Report, , Yes</td>
<td></td>
<td>27</td>
<td>com.unityworks.testcases.AffinitiveTest@2b4bac49</td></tr>
</table><p>
<table width='100%' border='1' class='invocation-skipped'>
<tr><td colspan='4' align='center'><b>SKIPPED TESTS</b></td></tr>
<tr><td><b>Test method</b></td>
<td width="30%"><b>Exception</b></td>
<td width="10%"><b>Time (seconds)</b></td>
<td><b>Instance</b></td>
</tr>
<tr>
<td title='com.unityworks.testcases.AffinitiveTest.unityworksReportTest()'><b>unityworksReportTest</b><br>Test class: com.unityworks.testcases.AffinitiveTest<br>Parameters: Epsilon, BMW Airbag Recall, //span[text()='BMW Airbag Recall'], //*[@id='first_report']/tbody/tr[last()]/td[5]/b, No</td>
<td><div><pre>org.testng.SkipException: Skipping this exception
	at com.unityworks.testcases.AffinitiveTest.unityworksReportTest(AffinitiveTest.java:105)
... Removed 28 stack frames</pre></div><a href='#' onClick='toggleBox("stack-trace695530017", this, "Click to show all stack frames", "Click to hide stack frames")'>Click to show all stack frames</a>
<div class='stack-trace' id='stack-trace695530017'><pre>org.testng.SkipException: Skipping this exception
	at com.unityworks.testcases.AffinitiveTest.unityworksReportTest(AffinitiveTest.java:105)
	at sun.reflect.NativeMethodAccessorImpl.invoke0(Native Method)
	at sun.reflect.NativeMethodAccessorImpl.invoke(NativeMethodAccessorImpl.java:62)
	at sun.reflect.DelegatingMethodAccessorImpl.invoke(DelegatingMethodAccessorImpl.java:43)
	at java.lang.reflect.Method.invoke(Method.java:498)
	at org.testng.internal.MethodInvocationHelper.invokeMethod(MethodInvocationHelper.java:124)
	at org.testng.internal.Invoker.invokeMethod(Invoker.java:580)
	at org.testng.internal.Invoker.invokeTestMethod(Invoker.java:716)
	at org.testng.internal.Invoker.invokeTestMethods(Invoker.java:988)
	at org.testng.internal.TestMethodWorker.invokeTestMethods(TestMethodWorker.java:125)
	at org.testng.internal.TestMethodWorker.run(TestMethodWorker.java:109)
	at org.testng.TestRunner.privateRun(TestRunner.java:648)
	at org.testng.TestRunner.run(TestRunner.java:505)
	at org.testng.SuiteRunner.runTest(SuiteRunner.java:455)
	at org.testng.SuiteRunner.runSequentially(SuiteRunner.java:450)
	at org.testng.SuiteRunner.privateRun(SuiteRunner.java:415)
	at org.testng.SuiteRunner.run(SuiteRunner.java:364)
	at org.testng.SuiteRunnerWorker.runSuite(SuiteRunnerWorker.java:52)
	at org.testng.SuiteRunnerWorker.run(SuiteRunnerWorker.java:84)
	at org.testng.TestNG.runSuitesSequentially(TestNG.java:1208)
	at org.testng.TestNG.runSuitesLocally(TestNG.java:1137)
	at org.testng.TestNG.runSuites(TestNG.java:1049)
	at org.testng.TestNG.run(TestNG.java:1017)
	at org.apache.maven.surefire.testng.TestNGExecutor.run(TestNGExecutor.java:281)
	at org.apache.maven.surefire.testng.TestNGXmlTestSuite.execute(TestNGXmlTestSuite.java:75)
	at org.apache.maven.surefire.testng.TestNGProvider.invoke(TestNGProvider.java:121)
	at org.apache.maven.surefire.booter.ForkedBooter.invokeProviderInSameClassLoader(ForkedBooter.java:290)
	at org.apache.maven.surefire.booter.ForkedBooter.runSuitesInProcess(ForkedBooter.java:242)
	at org.apache.maven.surefire.booter.ForkedBooter.main(ForkedBooter.java:121)
</pre></div></td>
<td>0</td>
<td>com.unityworks.testcases.AffinitiveTest@2b4bac49</td></tr>
<tr>
<td title='com.unityworks.testcases.AffinitiveTest.unityworksReportTest()'><b>unityworksReportTest</b><br>Test class: com.unityworks.testcases.AffinitiveTest<br>Parameters: Epsilon, 2014 Sales Touches Round 1, //span[text()='Epsilon Sales Touch'], //*[@id='first_report']/tbody/tr[last()]/td[5]/b, No</td>
<td><div><pre>org.testng.SkipException: Skipping this exception
	at com.unityworks.testcases.AffinitiveTest.unityworksReportTest(AffinitiveTest.java:105)
... Removed 28 stack frames</pre></div><a href='#' onClick='toggleBox("stack-trace632475595", this, "Click to show all stack frames", "Click to hide stack frames")'>Click to show all stack frames</a>
<div class='stack-trace' id='stack-trace632475595'><pre>org.testng.SkipException: Skipping this exception
	at com.unityworks.testcases.AffinitiveTest.unityworksReportTest(AffinitiveTest.java:105)
	at sun.reflect.NativeMethodAccessorImpl.invoke0(Native Method)
	at sun.reflect.NativeMethodAccessorImpl.invoke(NativeMethodAccessorImpl.java:62)
	at sun.reflect.DelegatingMethodAccessorImpl.invoke(DelegatingMethodAccessorImpl.java:43)
	at java.lang.reflect.Method.invoke(Method.java:498)
	at org.testng.internal.MethodInvocationHelper.invokeMethod(MethodInvocationHelper.java:124)
	at org.testng.internal.Invoker.invokeMethod(Invoker.java:580)
	at org.testng.internal.Invoker.invokeTestMethod(Invoker.java:716)
	at org.testng.internal.Invoker.invokeTestMethods(Invoker.java:988)
	at org.testng.internal.TestMethodWorker.invokeTestMethods(TestMethodWorker.java:125)
	at org.testng.internal.TestMethodWorker.run(TestMethodWorker.java:109)
	at org.testng.TestRunner.privateRun(TestRunner.java:648)
	at org.testng.TestRunner.run(TestRunner.java:505)
	at org.testng.SuiteRunner.runTest(SuiteRunner.java:455)
	at org.testng.SuiteRunner.runSequentially(SuiteRunner.java:450)
	at org.testng.SuiteRunner.privateRun(SuiteRunner.java:415)
	at org.testng.SuiteRunner.run(SuiteRunner.java:364)
	at org.testng.SuiteRunnerWorker.runSuite(SuiteRunnerWorker.java:52)
	at org.testng.SuiteRunnerWorker.run(SuiteRunnerWorker.java:84)
	at org.testng.TestNG.runSuitesSequentially(TestNG.java:1208)
	at org.testng.TestNG.runSuitesLocally(TestNG.java:1137)
	at org.testng.TestNG.runSuites(TestNG.java:1049)
	at org.testng.TestNG.run(TestNG.java:1017)
	at org.apache.maven.surefire.testng.TestNGExecutor.run(TestNGExecutor.java:281)
	at org.apache.maven.surefire.testng.TestNGXmlTestSuite.execute(TestNGXmlTestSuite.java:75)
	at org.apache.maven.surefire.testng.TestNGProvider.invoke(TestNGProvider.java:121)
	at org.apache.maven.surefire.booter.ForkedBooter.invokeProviderInSameClassLoader(ForkedBooter.java:290)
	at org.apache.maven.surefire.booter.ForkedBooter.runSuitesInProcess(ForkedBooter.java:242)
	at org.apache.maven.surefire.booter.ForkedBooter.main(ForkedBooter.java:121)
</pre></div></td>
<td>0</td>
<td>com.unityworks.testcases.AffinitiveTest@2b4bac49</td></tr>
<tr>
<td title='com.unityworks.testcases.AffinitiveTest.unityworksReportTest()'><b>unityworksReportTest</b><br>Test class: com.unityworks.testcases.AffinitiveTest<br>Parameters: Epsilon, BMW T2, //span[text()='Epsilon BMW T2'], //*[@id='first_report']/tbody/tr[last()]/td[5]/b, No</td>
<td><div><pre>org.testng.SkipException: Skipping this exception
	at com.unityworks.testcases.AffinitiveTest.unityworksReportTest(AffinitiveTest.java:105)
... Removed 28 stack frames</pre></div><a href='#' onClick='toggleBox("stack-trace263833514", this, "Click to show all stack frames", "Click to hide stack frames")'>Click to show all stack frames</a>
<div class='stack-trace' id='stack-trace263833514'><pre>org.testng.SkipException: Skipping this exception
	at com.unityworks.testcases.AffinitiveTest.unityworksReportTest(AffinitiveTest.java:105)
	at sun.reflect.NativeMethodAccessorImpl.invoke0(Native Method)
	at sun.reflect.NativeMethodAccessorImpl.invoke(NativeMethodAccessorImpl.java:62)
	at sun.reflect.DelegatingMethodAccessorImpl.invoke(DelegatingMethodAccessorImpl.java:43)
	at java.lang.reflect.Method.invoke(Method.java:498)
	at org.testng.internal.MethodInvocationHelper.invokeMethod(MethodInvocationHelper.java:124)
	at org.testng.internal.Invoker.invokeMethod(Invoker.java:580)
	at org.testng.internal.Invoker.invokeTestMethod(Invoker.java:716)
	at org.testng.internal.Invoker.invokeTestMethods(Invoker.java:988)
	at org.testng.internal.TestMethodWorker.invokeTestMethods(TestMethodWorker.java:125)
	at org.testng.internal.TestMethodWorker.run(TestMethodWorker.java:109)
	at org.testng.TestRunner.privateRun(TestRunner.java:648)
	at org.testng.TestRunner.run(TestRunner.java:505)
	at org.testng.SuiteRunner.runTest(SuiteRunner.java:455)
	at org.testng.SuiteRunner.runSequentially(SuiteRunner.java:450)
	at org.testng.SuiteRunner.privateRun(SuiteRunner.java:415)
	at org.testng.SuiteRunner.run(SuiteRunner.java:364)
	at org.testng.SuiteRunnerWorker.runSuite(SuiteRunnerWorker.java:52)
	at org.testng.SuiteRunnerWorker.run(SuiteRunnerWorker.java:84)
	at org.testng.TestNG.runSuitesSequentially(TestNG.java:1208)
	at org.testng.TestNG.runSuitesLocally(TestNG.java:1137)
	at org.testng.TestNG.runSuites(TestNG.java:1049)
	at org.testng.TestNG.run(TestNG.java:1017)
	at org.apache.maven.surefire.testng.TestNGExecutor.run(TestNGExecutor.java:281)
	at org.apache.maven.surefire.testng.TestNGXmlTestSuite.execute(TestNGXmlTestSuite.java:75)
	at org.apache.maven.surefire.testng.TestNGProvider.invoke(TestNGProvider.java:121)
	at org.apache.maven.surefire.booter.ForkedBooter.invokeProviderInSameClassLoader(ForkedBooter.java:290)
	at org.apache.maven.surefire.booter.ForkedBooter.runSuitesInProcess(ForkedBooter.java:242)
	at org.apache.maven.surefire.booter.ForkedBooter.main(ForkedBooter.java:121)
</pre></div></td>
<td>0</td>
<td>com.unityworks.testcases.AffinitiveTest@2b4bac49</td></tr>
<tr>
<td title='com.unityworks.testcases.AffinitiveTest.unityworksReportTest()'><b>unityworksReportTest</b><br>Test class: com.unityworks.testcases.AffinitiveTest<br>Parameters: Epsilon, Business Elite, //span[text()='Epsilon Business Elite Standard, Non-Standard Report'], //*[@id='first_report']/tbody/tr[last()]/td[3]/b, No</td>
<td><div><pre>org.testng.SkipException: Skipping this exception
	at com.unityworks.testcases.AffinitiveTest.unityworksReportTest(AffinitiveTest.java:105)
... Removed 28 stack frames</pre></div><a href='#' onClick='toggleBox("stack-trace2143739483", this, "Click to show all stack frames", "Click to hide stack frames")'>Click to show all stack frames</a>
<div class='stack-trace' id='stack-trace2143739483'><pre>org.testng.SkipException: Skipping this exception
	at com.unityworks.testcases.AffinitiveTest.unityworksReportTest(AffinitiveTest.java:105)
	at sun.reflect.NativeMethodAccessorImpl.invoke0(Native Method)
	at sun.reflect.NativeMethodAccessorImpl.invoke(NativeMethodAccessorImpl.java:62)
	at sun.reflect.DelegatingMethodAccessorImpl.invoke(DelegatingMethodAccessorImpl.java:43)
	at java.lang.reflect.Method.invoke(Method.java:498)
	at org.testng.internal.MethodInvocationHelper.invokeMethod(MethodInvocationHelper.java:124)
	at org.testng.internal.Invoker.invokeMethod(Invoker.java:580)
	at org.testng.internal.Invoker.invokeTestMethod(Invoker.java:716)
	at org.testng.internal.Invoker.invokeTestMethods(Invoker.java:988)
	at org.testng.internal.TestMethodWorker.invokeTestMethods(TestMethodWorker.java:125)
	at org.testng.internal.TestMethodWorker.run(TestMethodWorker.java:109)
	at org.testng.TestRunner.privateRun(TestRunner.java:648)
	at org.testng.TestRunner.run(TestRunner.java:505)
	at org.testng.SuiteRunner.runTest(SuiteRunner.java:455)
	at org.testng.SuiteRunner.runSequentially(SuiteRunner.java:450)
	at org.testng.SuiteRunner.privateRun(SuiteRunner.java:415)
	at org.testng.SuiteRunner.run(SuiteRunner.java:364)
	at org.testng.SuiteRunnerWorker.runSuite(SuiteRunnerWorker.java:52)
	at org.testng.SuiteRunnerWorker.run(SuiteRunnerWorker.java:84)
	at org.testng.TestNG.runSuitesSequentially(TestNG.java:1208)
	at org.testng.TestNG.runSuitesLocally(TestNG.java:1137)
	at org.testng.TestNG.runSuites(TestNG.java:1049)
	at org.testng.TestNG.run(TestNG.java:1017)
	at org.apache.maven.surefire.testng.TestNGExecutor.run(TestNGExecutor.java:281)
	at org.apache.maven.surefire.testng.TestNGXmlTestSuite.execute(TestNGXmlTestSuite.java:75)
	at org.apache.maven.surefire.testng.TestNGProvider.invoke(TestNGProvider.java:121)
	at org.apache.maven.surefire.booter.ForkedBooter.invokeProviderInSameClassLoader(ForkedBooter.java:290)
	at org.apache.maven.surefire.booter.ForkedBooter.runSuitesInProcess(ForkedBooter.java:242)
	at org.apache.maven.surefire.booter.ForkedBooter.main(ForkedBooter.java:121)
</pre></div></td>
<td>0</td>
<td>com.unityworks.testcases.AffinitiveTest@2b4bac49</td></tr>
<tr>
<td title='com.unityworks.testcases.AffinitiveTest.unityworksReportTest()'><b>unityworksReportTest</b><br>Test class: com.unityworks.testcases.AffinitiveTest<br>Parameters: Epsilon, CSSR - Car Care, //span[text()='Epsilon Car Care Report'], //*[@id='first_report']/tbody/tr[last()]/td[5]/b, No</td>
<td><div><pre>org.testng.SkipException: Skipping this exception
	at com.unityworks.testcases.AffinitiveTest.unityworksReportTest(AffinitiveTest.java:105)
... Removed 28 stack frames</pre></div><a href='#' onClick='toggleBox("stack-trace1618984457", this, "Click to show all stack frames", "Click to hide stack frames")'>Click to show all stack frames</a>
<div class='stack-trace' id='stack-trace1618984457'><pre>org.testng.SkipException: Skipping this exception
	at com.unityworks.testcases.AffinitiveTest.unityworksReportTest(AffinitiveTest.java:105)
	at sun.reflect.NativeMethodAccessorImpl.invoke0(Native Method)
	at sun.reflect.NativeMethodAccessorImpl.invoke(NativeMethodAccessorImpl.java:62)
	at sun.reflect.DelegatingMethodAccessorImpl.invoke(DelegatingMethodAccessorImpl.java:43)
	at java.lang.reflect.Method.invoke(Method.java:498)
	at org.testng.internal.MethodInvocationHelper.invokeMethod(MethodInvocationHelper.java:124)
	at org.testng.internal.Invoker.invokeMethod(Invoker.java:580)
	at org.testng.internal.Invoker.invokeTestMethod(Invoker.java:716)
	at org.testng.internal.Invoker.invokeTestMethods(Invoker.java:988)
	at org.testng.internal.TestMethodWorker.invokeTestMethods(TestMethodWorker.java:125)
	at org.testng.internal.TestMethodWorker.run(TestMethodWorker.java:109)
	at org.testng.TestRunner.privateRun(TestRunner.java:648)
	at org.testng.TestRunner.run(TestRunner.java:505)
	at org.testng.SuiteRunner.runTest(SuiteRunner.java:455)
	at org.testng.SuiteRunner.runSequentially(SuiteRunner.java:450)
	at org.testng.SuiteRunner.privateRun(SuiteRunner.java:415)
	at org.testng.SuiteRunner.run(SuiteRunner.java:364)
	at org.testng.SuiteRunnerWorker.runSuite(SuiteRunnerWorker.java:52)
	at org.testng.SuiteRunnerWorker.run(SuiteRunnerWorker.java:84)
	at org.testng.TestNG.runSuitesSequentially(TestNG.java:1208)
	at org.testng.TestNG.runSuitesLocally(TestNG.java:1137)
	at org.testng.TestNG.runSuites(TestNG.java:1049)
	at org.testng.TestNG.run(TestNG.java:1017)
	at org.apache.maven.surefire.testng.TestNGExecutor.run(TestNGExecutor.java:281)
	at org.apache.maven.surefire.testng.TestNGXmlTestSuite.execute(TestNGXmlTestSuite.java:75)
	at org.apache.maven.surefire.testng.TestNGProvider.invoke(TestNGProvider.java:121)
	at org.apache.maven.surefire.booter.ForkedBooter.invokeProviderInSameClassLoader(ForkedBooter.java:290)
	at org.apache.maven.surefire.booter.ForkedBooter.runSuitesInProcess(ForkedBooter.java:242)
	at org.apache.maven.surefire.booter.ForkedBooter.main(ForkedBooter.java:121)
</pre></div></td>
<td>0</td>
<td>com.unityworks.testcases.AffinitiveTest@2b4bac49</td></tr>
<tr>
<td title='com.unityworks.testcases.AffinitiveTest.unityworksReportTest()'><b>unityworksReportTest</b><br>Test class: com.unityworks.testcases.AffinitiveTest<br>Parameters: Epsilon, CSSR - EVO & OLA Combined, //span[text()='EVO OLA Combined Report'], //*[@id='first_report']/tbody/tr[last()]/td[5]/b, No</td>
<td><div><pre>org.testng.SkipException: Skipping this exception
	at com.unityworks.testcases.AffinitiveTest.unityworksReportTest(AffinitiveTest.java:105)
... Removed 28 stack frames</pre></div><a href='#' onClick='toggleBox("stack-trace702500163", this, "Click to show all stack frames", "Click to hide stack frames")'>Click to show all stack frames</a>
<div class='stack-trace' id='stack-trace702500163'><pre>org.testng.SkipException: Skipping this exception
	at com.unityworks.testcases.AffinitiveTest.unityworksReportTest(AffinitiveTest.java:105)
	at sun.reflect.NativeMethodAccessorImpl.invoke0(Native Method)
	at sun.reflect.NativeMethodAccessorImpl.invoke(NativeMethodAccessorImpl.java:62)
	at sun.reflect.DelegatingMethodAccessorImpl.invoke(DelegatingMethodAccessorImpl.java:43)
	at java.lang.reflect.Method.invoke(Method.java:498)
	at org.testng.internal.MethodInvocationHelper.invokeMethod(MethodInvocationHelper.java:124)
	at org.testng.internal.Invoker.invokeMethod(Invoker.java:580)
	at org.testng.internal.Invoker.invokeTestMethod(Invoker.java:716)
	at org.testng.internal.Invoker.invokeTestMethods(Invoker.java:988)
	at org.testng.internal.TestMethodWorker.invokeTestMethods(TestMethodWorker.java:125)
	at org.testng.internal.TestMethodWorker.run(TestMethodWorker.java:109)
	at org.testng.TestRunner.privateRun(TestRunner.java:648)
	at org.testng.TestRunner.run(TestRunner.java:505)
	at org.testng.SuiteRunner.runTest(SuiteRunner.java:455)
	at org.testng.SuiteRunner.runSequentially(SuiteRunner.java:450)
	at org.testng.SuiteRunner.privateRun(SuiteRunner.java:415)
	at org.testng.SuiteRunner.run(SuiteRunner.java:364)
	at org.testng.SuiteRunnerWorker.runSuite(SuiteRunnerWorker.java:52)
	at org.testng.SuiteRunnerWorker.run(SuiteRunnerWorker.java:84)
	at org.testng.TestNG.runSuitesSequentially(TestNG.java:1208)
	at org.testng.TestNG.runSuitesLocally(TestNG.java:1137)
	at org.testng.TestNG.runSuites(TestNG.java:1049)
	at org.testng.TestNG.run(TestNG.java:1017)
	at org.apache.maven.surefire.testng.TestNGExecutor.run(TestNGExecutor.java:281)
	at org.apache.maven.surefire.testng.TestNGXmlTestSuite.execute(TestNGXmlTestSuite.java:75)
	at org.apache.maven.surefire.testng.TestNGProvider.invoke(TestNGProvider.java:121)
	at org.apache.maven.surefire.booter.ForkedBooter.invokeProviderInSameClassLoader(ForkedBooter.java:290)
	at org.apache.maven.surefire.booter.ForkedBooter.runSuitesInProcess(ForkedBooter.java:242)
	at org.apache.maven.surefire.booter.ForkedBooter.main(ForkedBooter.java:121)
</pre></div></td>
<td>0</td>
<td>com.unityworks.testcases.AffinitiveTest@2b4bac49</td></tr>
<tr>
<td title='com.unityworks.testcases.AffinitiveTest.unityworksReportTest()'><b>unityworksReportTest</b><br>Test class: com.unityworks.testcases.AffinitiveTest<br>Parameters: Epsilon, CSSR - OLA, //span[text()='Epsilon OLA Report'], //*[@id='first_report']/tbody/tr[last()]/td[5]/b, No</td>
<td><div><pre>org.testng.SkipException: Skipping this exception
	at com.unityworks.testcases.AffinitiveTest.unityworksReportTest(AffinitiveTest.java:105)
... Removed 28 stack frames</pre></div><a href='#' onClick='toggleBox("stack-trace1087072654", this, "Click to show all stack frames", "Click to hide stack frames")'>Click to show all stack frames</a>
<div class='stack-trace' id='stack-trace1087072654'><pre>org.testng.SkipException: Skipping this exception
	at com.unityworks.testcases.AffinitiveTest.unityworksReportTest(AffinitiveTest.java:105)
	at sun.reflect.NativeMethodAccessorImpl.invoke0(Native Method)
	at sun.reflect.NativeMethodAccessorImpl.invoke(NativeMethodAccessorImpl.java:62)
	at sun.reflect.DelegatingMethodAccessorImpl.invoke(DelegatingMethodAccessorImpl.java:43)
	at java.lang.reflect.Method.invoke(Method.java:498)
	at org.testng.internal.MethodInvocationHelper.invokeMethod(MethodInvocationHelper.java:124)
	at org.testng.internal.Invoker.invokeMethod(Invoker.java:580)
	at org.testng.internal.Invoker.invokeTestMethod(Invoker.java:716)
	at org.testng.internal.Invoker.invokeTestMethods(Invoker.java:988)
	at org.testng.internal.TestMethodWorker.invokeTestMethods(TestMethodWorker.java:125)
	at org.testng.internal.TestMethodWorker.run(TestMethodWorker.java:109)
	at org.testng.TestRunner.privateRun(TestRunner.java:648)
	at org.testng.TestRunner.run(TestRunner.java:505)
	at org.testng.SuiteRunner.runTest(SuiteRunner.java:455)
	at org.testng.SuiteRunner.runSequentially(SuiteRunner.java:450)
	at org.testng.SuiteRunner.privateRun(SuiteRunner.java:415)
	at org.testng.SuiteRunner.run(SuiteRunner.java:364)
	at org.testng.SuiteRunnerWorker.runSuite(SuiteRunnerWorker.java:52)
	at org.testng.SuiteRunnerWorker.run(SuiteRunnerWorker.java:84)
	at org.testng.TestNG.runSuitesSequentially(TestNG.java:1208)
	at org.testng.TestNG.runSuitesLocally(TestNG.java:1137)
	at org.testng.TestNG.runSuites(TestNG.java:1049)
	at org.testng.TestNG.run(TestNG.java:1017)
	at org.apache.maven.surefire.testng.TestNGExecutor.run(TestNGExecutor.java:281)
	at org.apache.maven.surefire.testng.TestNGXmlTestSuite.execute(TestNGXmlTestSuite.java:75)
	at org.apache.maven.surefire.testng.TestNGProvider.invoke(TestNGProvider.java:121)
	at org.apache.maven.surefire.booter.ForkedBooter.invokeProviderInSameClassLoader(ForkedBooter.java:290)
	at org.apache.maven.surefire.booter.ForkedBooter.runSuitesInProcess(ForkedBooter.java:242)
	at org.apache.maven.surefire.booter.ForkedBooter.main(ForkedBooter.java:121)
</pre></div></td>
<td>0</td>
<td>com.unityworks.testcases.AffinitiveTest@2b4bac49</td></tr>
<tr>
<td title='com.unityworks.testcases.AffinitiveTest.unityworksReportTest()'><b>unityworksReportTest</b><br>Test class: com.unityworks.testcases.AffinitiveTest<br>Parameters: Epsilon, CSSR Lease, //span[text()='Epsilon CSSR Lease Report'], //*[@id='first_report']/tbody/tr[last()]/td[5]/b, No</td>
<td><div><pre>org.testng.SkipException: Skipping this exception
	at com.unityworks.testcases.AffinitiveTest.unityworksReportTest(AffinitiveTest.java:105)
... Removed 28 stack frames</pre></div><a href='#' onClick='toggleBox("stack-trace1617174216", this, "Click to show all stack frames", "Click to hide stack frames")'>Click to show all stack frames</a>
<div class='stack-trace' id='stack-trace1617174216'><pre>org.testng.SkipException: Skipping this exception
	at com.unityworks.testcases.AffinitiveTest.unityworksReportTest(AffinitiveTest.java:105)
	at sun.reflect.NativeMethodAccessorImpl.invoke0(Native Method)
	at sun.reflect.NativeMethodAccessorImpl.invoke(NativeMethodAccessorImpl.java:62)
	at sun.reflect.DelegatingMethodAccessorImpl.invoke(DelegatingMethodAccessorImpl.java:43)
	at java.lang.reflect.Method.invoke(Method.java:498)
	at org.testng.internal.MethodInvocationHelper.invokeMethod(MethodInvocationHelper.java:124)
	at org.testng.internal.Invoker.invokeMethod(Invoker.java:580)
	at org.testng.internal.Invoker.invokeTestMethod(Invoker.java:716)
	at org.testng.internal.Invoker.invokeTestMethods(Invoker.java:988)
	at org.testng.internal.TestMethodWorker.invokeTestMethods(TestMethodWorker.java:125)
	at org.testng.internal.TestMethodWorker.run(TestMethodWorker.java:109)
	at org.testng.TestRunner.privateRun(TestRunner.java:648)
	at org.testng.TestRunner.run(TestRunner.java:505)
	at org.testng.SuiteRunner.runTest(SuiteRunner.java:455)
	at org.testng.SuiteRunner.runSequentially(SuiteRunner.java:450)
	at org.testng.SuiteRunner.privateRun(SuiteRunner.java:415)
	at org.testng.SuiteRunner.run(SuiteRunner.java:364)
	at org.testng.SuiteRunnerWorker.runSuite(SuiteRunnerWorker.java:52)
	at org.testng.SuiteRunnerWorker.run(SuiteRunnerWorker.java:84)
	at org.testng.TestNG.runSuitesSequentially(TestNG.java:1208)
	at org.testng.TestNG.runSuitesLocally(TestNG.java:1137)
	at org.testng.TestNG.runSuites(TestNG.java:1049)
	at org.testng.TestNG.run(TestNG.java:1017)
	at org.apache.maven.surefire.testng.TestNGExecutor.run(TestNGExecutor.java:281)
	at org.apache.maven.surefire.testng.TestNGXmlTestSuite.execute(TestNGXmlTestSuite.java:75)
	at org.apache.maven.surefire.testng.TestNGProvider.invoke(TestNGProvider.java:121)
	at org.apache.maven.surefire.booter.ForkedBooter.invokeProviderInSameClassLoader(ForkedBooter.java:290)
	at org.apache.maven.surefire.booter.ForkedBooter.runSuitesInProcess(ForkedBooter.java:242)
	at org.apache.maven.surefire.booter.ForkedBooter.main(ForkedBooter.java:121)
</pre></div></td>
<td>0</td>
<td>com.unityworks.testcases.AffinitiveTest@2b4bac49</td></tr>
<tr>
<td title='com.unityworks.testcases.AffinitiveTest.unityworksReportTest()'><b>unityworksReportTest</b><br>Test class: com.unityworks.testcases.AffinitiveTest<br>Parameters: Epsilon, Cherokee, //span[text()='Cherokee Report'], //tbody/tr[last()]/td[3]/b, No</td>
<td><div><pre>org.testng.SkipException: Skipping this exception
	at com.unityworks.testcases.AffinitiveTest.unityworksReportTest(AffinitiveTest.java:105)
... Removed 28 stack frames</pre></div><a href='#' onClick='toggleBox("stack-trace1860886124", this, "Click to show all stack frames", "Click to hide stack frames")'>Click to show all stack frames</a>
<div class='stack-trace' id='stack-trace1860886124'><pre>org.testng.SkipException: Skipping this exception
	at com.unityworks.testcases.AffinitiveTest.unityworksReportTest(AffinitiveTest.java:105)
	at sun.reflect.NativeMethodAccessorImpl.invoke0(Native Method)
	at sun.reflect.NativeMethodAccessorImpl.invoke(NativeMethodAccessorImpl.java:62)
	at sun.reflect.DelegatingMethodAccessorImpl.invoke(DelegatingMethodAccessorImpl.java:43)
	at java.lang.reflect.Method.invoke(Method.java:498)
	at org.testng.internal.MethodInvocationHelper.invokeMethod(MethodInvocationHelper.java:124)
	at org.testng.internal.Invoker.invokeMethod(Invoker.java:580)
	at org.testng.internal.Invoker.invokeTestMethod(Invoker.java:716)
	at org.testng.internal.Invoker.invokeTestMethods(Invoker.java:988)
	at org.testng.internal.TestMethodWorker.invokeTestMethods(TestMethodWorker.java:125)
	at org.testng.internal.TestMethodWorker.run(TestMethodWorker.java:109)
	at org.testng.TestRunner.privateRun(TestRunner.java:648)
	at org.testng.TestRunner.run(TestRunner.java:505)
	at org.testng.SuiteRunner.runTest(SuiteRunner.java:455)
	at org.testng.SuiteRunner.runSequentially(SuiteRunner.java:450)
	at org.testng.SuiteRunner.privateRun(SuiteRunner.java:415)
	at org.testng.SuiteRunner.run(SuiteRunner.java:364)
	at org.testng.SuiteRunnerWorker.runSuite(SuiteRunnerWorker.java:52)
	at org.testng.SuiteRunnerWorker.run(SuiteRunnerWorker.java:84)
	at org.testng.TestNG.runSuitesSequentially(TestNG.java:1208)
	at org.testng.TestNG.runSuitesLocally(TestNG.java:1137)
	at org.testng.TestNG.runSuites(TestNG.java:1049)
	at org.testng.TestNG.run(TestNG.java:1017)
	at org.apache.maven.surefire.testng.TestNGExecutor.run(TestNGExecutor.java:281)
	at org.apache.maven.surefire.testng.TestNGXmlTestSuite.execute(TestNGXmlTestSuite.java:75)
	at org.apache.maven.surefire.testng.TestNGProvider.invoke(TestNGProvider.java:121)
	at org.apache.maven.surefire.booter.ForkedBooter.invokeProviderInSameClassLoader(ForkedBooter.java:290)
	at org.apache.maven.surefire.booter.ForkedBooter.runSuitesInProcess(ForkedBooter.java:242)
	at org.apache.maven.surefire.booter.ForkedBooter.main(ForkedBooter.java:121)
</pre></div></td>
<td>0</td>
<td>com.unityworks.testcases.AffinitiveTest@2b4bac49</td></tr>
<tr>
<td title='com.unityworks.testcases.AffinitiveTest.unityworksReportTest()'><b>unityworksReportTest</b><br>Test class: com.unityworks.testcases.AffinitiveTest<br>Parameters: Epsilon, Ford Service, //span[text()='Ford Report'], //tbody/tr[last()]/td[3]/b, No</td>
<td><div><pre>org.testng.SkipException: Skipping this exception
	at com.unityworks.testcases.AffinitiveTest.unityworksReportTest(AffinitiveTest.java:105)
... Removed 28 stack frames</pre></div><a href='#' onClick='toggleBox("stack-trace173791568", this, "Click to show all stack frames", "Click to hide stack frames")'>Click to show all stack frames</a>
<div class='stack-trace' id='stack-trace173791568'><pre>org.testng.SkipException: Skipping this exception
	at com.unityworks.testcases.AffinitiveTest.unityworksReportTest(AffinitiveTest.java:105)
	at sun.reflect.NativeMethodAccessorImpl.invoke0(Native Method)
	at sun.reflect.NativeMethodAccessorImpl.invoke(NativeMethodAccessorImpl.java:62)
	at sun.reflect.DelegatingMethodAccessorImpl.invoke(DelegatingMethodAccessorImpl.java:43)
	at java.lang.reflect.Method.invoke(Method.java:498)
	at org.testng.internal.MethodInvocationHelper.invokeMethod(MethodInvocationHelper.java:124)
	at org.testng.internal.Invoker.invokeMethod(Invoker.java:580)
	at org.testng.internal.Invoker.invokeTestMethod(Invoker.java:716)
	at org.testng.internal.Invoker.invokeTestMethods(Invoker.java:988)
	at org.testng.internal.TestMethodWorker.invokeTestMethods(TestMethodWorker.java:125)
	at org.testng.internal.TestMethodWorker.run(TestMethodWorker.java:109)
	at org.testng.TestRunner.privateRun(TestRunner.java:648)
	at org.testng.TestRunner.run(TestRunner.java:505)
	at org.testng.SuiteRunner.runTest(SuiteRunner.java:455)
	at org.testng.SuiteRunner.runSequentially(SuiteRunner.java:450)
	at org.testng.SuiteRunner.privateRun(SuiteRunner.java:415)
	at org.testng.SuiteRunner.run(SuiteRunner.java:364)
	at org.testng.SuiteRunnerWorker.runSuite(SuiteRunnerWorker.java:52)
	at org.testng.SuiteRunnerWorker.run(SuiteRunnerWorker.java:84)
	at org.testng.TestNG.runSuitesSequentially(TestNG.java:1208)
	at org.testng.TestNG.runSuitesLocally(TestNG.java:1137)
	at org.testng.TestNG.runSuites(TestNG.java:1049)
	at org.testng.TestNG.run(TestNG.java:1017)
	at org.apache.maven.surefire.testng.TestNGExecutor.run(TestNGExecutor.java:281)
	at org.apache.maven.surefire.testng.TestNGXmlTestSuite.execute(TestNGXmlTestSuite.java:75)
	at org.apache.maven.surefire.testng.TestNGProvider.invoke(TestNGProvider.java:121)
	at org.apache.maven.surefire.booter.ForkedBooter.invokeProviderInSameClassLoader(ForkedBooter.java:290)
	at org.apache.maven.surefire.booter.ForkedBooter.runSuitesInProcess(ForkedBooter.java:242)
	at org.apache.maven.surefire.booter.ForkedBooter.main(ForkedBooter.java:121)
</pre></div></td>
<td>0</td>
<td>com.unityworks.testcases.AffinitiveTest@2b4bac49</td></tr>
<tr>
<td title='com.unityworks.testcases.AffinitiveTest.unityworksReportTest()'><b>unityworksReportTest</b><br>Test class: com.unityworks.testcases.AffinitiveTest<br>Parameters: Epsilon, Ford Truck, //span[text()='Ford Truck Report'], //tbody/tr[last()]/td[3]/b, No</td>
<td><div><pre>org.testng.SkipException: Skipping this exception
	at com.unityworks.testcases.AffinitiveTest.unityworksReportTest(AffinitiveTest.java:105)
... Removed 28 stack frames</pre></div><a href='#' onClick='toggleBox("stack-trace1966670937", this, "Click to show all stack frames", "Click to hide stack frames")'>Click to show all stack frames</a>
<div class='stack-trace' id='stack-trace1966670937'><pre>org.testng.SkipException: Skipping this exception
	at com.unityworks.testcases.AffinitiveTest.unityworksReportTest(AffinitiveTest.java:105)
	at sun.reflect.NativeMethodAccessorImpl.invoke0(Native Method)
	at sun.reflect.NativeMethodAccessorImpl.invoke(NativeMethodAccessorImpl.java:62)
	at sun.reflect.DelegatingMethodAccessorImpl.invoke(DelegatingMethodAccessorImpl.java:43)
	at java.lang.reflect.Method.invoke(Method.java:498)
	at org.testng.internal.MethodInvocationHelper.invokeMethod(MethodInvocationHelper.java:124)
	at org.testng.internal.Invoker.invokeMethod(Invoker.java:580)
	at org.testng.internal.Invoker.invokeTestMethod(Invoker.java:716)
	at org.testng.internal.Invoker.invokeTestMethods(Invoker.java:988)
	at org.testng.internal.TestMethodWorker.invokeTestMethods(TestMethodWorker.java:125)
	at org.testng.internal.TestMethodWorker.run(TestMethodWorker.java:109)
	at org.testng.TestRunner.privateRun(TestRunner.java:648)
	at org.testng.TestRunner.run(TestRunner.java:505)
	at org.testng.SuiteRunner.runTest(SuiteRunner.java:455)
	at org.testng.SuiteRunner.runSequentially(SuiteRunner.java:450)
	at org.testng.SuiteRunner.privateRun(SuiteRunner.java:415)
	at org.testng.SuiteRunner.run(SuiteRunner.java:364)
	at org.testng.SuiteRunnerWorker.runSuite(SuiteRunnerWorker.java:52)
	at org.testng.SuiteRunnerWorker.run(SuiteRunnerWorker.java:84)
	at org.testng.TestNG.runSuitesSequentially(TestNG.java:1208)
	at org.testng.TestNG.runSuitesLocally(TestNG.java:1137)
	at org.testng.TestNG.runSuites(TestNG.java:1049)
	at org.testng.TestNG.run(TestNG.java:1017)
	at org.apache.maven.surefire.testng.TestNGExecutor.run(TestNGExecutor.java:281)
	at org.apache.maven.surefire.testng.TestNGXmlTestSuite.execute(TestNGXmlTestSuite.java:75)
	at org.apache.maven.surefire.testng.TestNGProvider.invoke(TestNGProvider.java:121)
	at org.apache.maven.surefire.booter.ForkedBooter.invokeProviderInSameClassLoader(ForkedBooter.java:290)
	at org.apache.maven.surefire.booter.ForkedBooter.runSuitesInProcess(ForkedBooter.java:242)
	at org.apache.maven.surefire.booter.ForkedBooter.main(ForkedBooter.java:121)
</pre></div></td>
<td>0</td>
<td>com.unityworks.testcases.AffinitiveTest@2b4bac49</td></tr>
<tr>
<td title='com.unityworks.testcases.AffinitiveTest.unityworksReportTest()'><b>unityworksReportTest</b><br>Test class: com.unityworks.testcases.AffinitiveTest<br>Parameters: Epsilon, Honda LCC, //span[text()='Honda Lcc'], //tbody/tr[last()]/td[5]/b, No</td>
<td><div><pre>org.testng.SkipException: Skipping this exception
	at com.unityworks.testcases.AffinitiveTest.unityworksReportTest(AffinitiveTest.java:105)
... Removed 28 stack frames</pre></div><a href='#' onClick='toggleBox("stack-trace588449070", this, "Click to show all stack frames", "Click to hide stack frames")'>Click to show all stack frames</a>
<div class='stack-trace' id='stack-trace588449070'><pre>org.testng.SkipException: Skipping this exception
	at com.unityworks.testcases.AffinitiveTest.unityworksReportTest(AffinitiveTest.java:105)
	at sun.reflect.NativeMethodAccessorImpl.invoke0(Native Method)
	at sun.reflect.NativeMethodAccessorImpl.invoke(NativeMethodAccessorImpl.java:62)
	at sun.reflect.DelegatingMethodAccessorImpl.invoke(DelegatingMethodAccessorImpl.java:43)
	at java.lang.reflect.Method.invoke(Method.java:498)
	at org.testng.internal.MethodInvocationHelper.invokeMethod(MethodInvocationHelper.java:124)
	at org.testng.internal.Invoker.invokeMethod(Invoker.java:580)
	at org.testng.internal.Invoker.invokeTestMethod(Invoker.java:716)
	at org.testng.internal.Invoker.invokeTestMethods(Invoker.java:988)
	at org.testng.internal.TestMethodWorker.invokeTestMethods(TestMethodWorker.java:125)
	at org.testng.internal.TestMethodWorker.run(TestMethodWorker.java:109)
	at org.testng.TestRunner.privateRun(TestRunner.java:648)
	at org.testng.TestRunner.run(TestRunner.java:505)
	at org.testng.SuiteRunner.runTest(SuiteRunner.java:455)
	at org.testng.SuiteRunner.runSequentially(SuiteRunner.java:450)
	at org.testng.SuiteRunner.privateRun(SuiteRunner.java:415)
	at org.testng.SuiteRunner.run(SuiteRunner.java:364)
	at org.testng.SuiteRunnerWorker.runSuite(SuiteRunnerWorker.java:52)
	at org.testng.SuiteRunnerWorker.run(SuiteRunnerWorker.java:84)
	at org.testng.TestNG.runSuitesSequentially(TestNG.java:1208)
	at org.testng.TestNG.runSuitesLocally(TestNG.java:1137)
	at org.testng.TestNG.runSuites(TestNG.java:1049)
	at org.testng.TestNG.run(TestNG.java:1017)
	at org.apache.maven.surefire.testng.TestNGExecutor.run(TestNGExecutor.java:281)
	at org.apache.maven.surefire.testng.TestNGXmlTestSuite.execute(TestNGXmlTestSuite.java:75)
	at org.apache.maven.surefire.testng.TestNGProvider.invoke(TestNGProvider.java:121)
	at org.apache.maven.surefire.booter.ForkedBooter.invokeProviderInSameClassLoader(ForkedBooter.java:290)
	at org.apache.maven.surefire.booter.ForkedBooter.runSuitesInProcess(ForkedBooter.java:242)
	at org.apache.maven.surefire.booter.ForkedBooter.main(ForkedBooter.java:121)
</pre></div></td>
<td>0</td>
<td>com.unityworks.testcases.AffinitiveTest@2b4bac49</td></tr>
<tr>
<td title='com.unityworks.testcases.AffinitiveTest.unityworksReportTest()'><b>unityworksReportTest</b><br>Test class: com.unityworks.testcases.AffinitiveTest<br>Parameters: Epsilon, Honda SPS, //span[text()='Honda SPS'], //tbody/tr[last()]/td[5]/b, No</td>
<td><div><pre>org.testng.SkipException: Skipping this exception
	at com.unityworks.testcases.AffinitiveTest.unityworksReportTest(AffinitiveTest.java:105)
... Removed 28 stack frames</pre></div><a href='#' onClick='toggleBox("stack-trace376725601", this, "Click to show all stack frames", "Click to hide stack frames")'>Click to show all stack frames</a>
<div class='stack-trace' id='stack-trace376725601'><pre>org.testng.SkipException: Skipping this exception
	at com.unityworks.testcases.AffinitiveTest.unityworksReportTest(AffinitiveTest.java:105)
	at sun.reflect.NativeMethodAccessorImpl.invoke0(Native Method)
	at sun.reflect.NativeMethodAccessorImpl.invoke(NativeMethodAccessorImpl.java:62)
	at sun.reflect.DelegatingMethodAccessorImpl.invoke(DelegatingMethodAccessorImpl.java:43)
	at java.lang.reflect.Method.invoke(Method.java:498)
	at org.testng.internal.MethodInvocationHelper.invokeMethod(MethodInvocationHelper.java:124)
	at org.testng.internal.Invoker.invokeMethod(Invoker.java:580)
	at org.testng.internal.Invoker.invokeTestMethod(Invoker.java:716)
	at org.testng.internal.Invoker.invokeTestMethods(Invoker.java:988)
	at org.testng.internal.TestMethodWorker.invokeTestMethods(TestMethodWorker.java:125)
	at org.testng.internal.TestMethodWorker.run(TestMethodWorker.java:109)
	at org.testng.TestRunner.privateRun(TestRunner.java:648)
	at org.testng.TestRunner.run(TestRunner.java:505)
	at org.testng.SuiteRunner.runTest(SuiteRunner.java:455)
	at org.testng.SuiteRunner.runSequentially(SuiteRunner.java:450)
	at org.testng.SuiteRunner.privateRun(SuiteRunner.java:415)
	at org.testng.SuiteRunner.run(SuiteRunner.java:364)
	at org.testng.SuiteRunnerWorker.runSuite(SuiteRunnerWorker.java:52)
	at org.testng.SuiteRunnerWorker.run(SuiteRunnerWorker.java:84)
	at org.testng.TestNG.runSuitesSequentially(TestNG.java:1208)
	at org.testng.TestNG.runSuitesLocally(TestNG.java:1137)
	at org.testng.TestNG.runSuites(TestNG.java:1049)
	at org.testng.TestNG.run(TestNG.java:1017)
	at org.apache.maven.surefire.testng.TestNGExecutor.run(TestNGExecutor.java:281)
	at org.apache.maven.surefire.testng.TestNGXmlTestSuite.execute(TestNGXmlTestSuite.java:75)
	at org.apache.maven.surefire.testng.TestNGProvider.invoke(TestNGProvider.java:121)
	at org.apache.maven.surefire.booter.ForkedBooter.invokeProviderInSameClassLoader(ForkedBooter.java:290)
	at org.apache.maven.surefire.booter.ForkedBooter.runSuitesInProcess(ForkedBooter.java:242)
	at org.apache.maven.surefire.booter.ForkedBooter.main(ForkedBooter.java:121)
</pre></div></td>
<td>0</td>
<td>com.unityworks.testcases.AffinitiveTest@2b4bac49</td></tr>
<tr>
<td title='com.unityworks.testcases.AffinitiveTest.unityworksReportTest()'><b>unityworksReportTest</b><br>Test class: com.unityworks.testcases.AffinitiveTest<br>Parameters: Epsilon, Hyundai EM, //span[text()='Hyundai EM'], //tbody/tr[last()]/td[5]/b, No</td>
<td><div><pre>org.testng.SkipException: Skipping this exception
	at com.unityworks.testcases.AffinitiveTest.unityworksReportTest(AffinitiveTest.java:105)
... Removed 28 stack frames</pre></div><a href='#' onClick='toggleBox("stack-trace1828508781", this, "Click to show all stack frames", "Click to hide stack frames")'>Click to show all stack frames</a>
<div class='stack-trace' id='stack-trace1828508781'><pre>org.testng.SkipException: Skipping this exception
	at com.unityworks.testcases.AffinitiveTest.unityworksReportTest(AffinitiveTest.java:105)
	at sun.reflect.NativeMethodAccessorImpl.invoke0(Native Method)
	at sun.reflect.NativeMethodAccessorImpl.invoke(NativeMethodAccessorImpl.java:62)
	at sun.reflect.DelegatingMethodAccessorImpl.invoke(DelegatingMethodAccessorImpl.java:43)
	at java.lang.reflect.Method.invoke(Method.java:498)
	at org.testng.internal.MethodInvocationHelper.invokeMethod(MethodInvocationHelper.java:124)
	at org.testng.internal.Invoker.invokeMethod(Invoker.java:580)
	at org.testng.internal.Invoker.invokeTestMethod(Invoker.java:716)
	at org.testng.internal.Invoker.invokeTestMethods(Invoker.java:988)
	at org.testng.internal.TestMethodWorker.invokeTestMethods(TestMethodWorker.java:125)
	at org.testng.internal.TestMethodWorker.run(TestMethodWorker.java:109)
	at org.testng.TestRunner.privateRun(TestRunner.java:648)
	at org.testng.TestRunner.run(TestRunner.java:505)
	at org.testng.SuiteRunner.runTest(SuiteRunner.java:455)
	at org.testng.SuiteRunner.runSequentially(SuiteRunner.java:450)
	at org.testng.SuiteRunner.privateRun(SuiteRunner.java:415)
	at org.testng.SuiteRunner.run(SuiteRunner.java:364)
	at org.testng.SuiteRunnerWorker.runSuite(SuiteRunnerWorker.java:52)
	at org.testng.SuiteRunnerWorker.run(SuiteRunnerWorker.java:84)
	at org.testng.TestNG.runSuitesSequentially(TestNG.java:1208)
	at org.testng.TestNG.runSuitesLocally(TestNG.java:1137)
	at org.testng.TestNG.runSuites(TestNG.java:1049)
	at org.testng.TestNG.run(TestNG.java:1017)
	at org.apache.maven.surefire.testng.TestNGExecutor.run(TestNGExecutor.java:281)
	at org.apache.maven.surefire.testng.TestNGXmlTestSuite.execute(TestNGXmlTestSuite.java:75)
	at org.apache.maven.surefire.testng.TestNGProvider.invoke(TestNGProvider.java:121)
	at org.apache.maven.surefire.booter.ForkedBooter.invokeProviderInSameClassLoader(ForkedBooter.java:290)
	at org.apache.maven.surefire.booter.ForkedBooter.runSuitesInProcess(ForkedBooter.java:242)
	at org.apache.maven.surefire.booter.ForkedBooter.main(ForkedBooter.java:121)
</pre></div></td>
<td>0</td>
<td>com.unityworks.testcases.AffinitiveTest@2b4bac49</td></tr>
<tr>
<td title='com.unityworks.testcases.AffinitiveTest.unityworksReportTest()'><b>unityworksReportTest</b><br>Test class: com.unityworks.testcases.AffinitiveTest<br>Parameters: Epsilon, Intercept National LMA, //span[text()='Epsilon National LMA Report'], //tbody/tr[last()]/td[4]/b, No</td>
<td><div><pre>org.testng.SkipException: Skipping this exception
	at com.unityworks.testcases.AffinitiveTest.unityworksReportTest(AffinitiveTest.java:105)
... Removed 28 stack frames</pre></div><a href='#' onClick='toggleBox("stack-trace1732663543", this, "Click to show all stack frames", "Click to hide stack frames")'>Click to show all stack frames</a>
<div class='stack-trace' id='stack-trace1732663543'><pre>org.testng.SkipException: Skipping this exception
	at com.unityworks.testcases.AffinitiveTest.unityworksReportTest(AffinitiveTest.java:105)
	at sun.reflect.NativeMethodAccessorImpl.invoke0(Native Method)
	at sun.reflect.NativeMethodAccessorImpl.invoke(NativeMethodAccessorImpl.java:62)
	at sun.reflect.DelegatingMethodAccessorImpl.invoke(DelegatingMethodAccessorImpl.java:43)
	at java.lang.reflect.Method.invoke(Method.java:498)
	at org.testng.internal.MethodInvocationHelper.invokeMethod(MethodInvocationHelper.java:124)
	at org.testng.internal.Invoker.invokeMethod(Invoker.java:580)
	at org.testng.internal.Invoker.invokeTestMethod(Invoker.java:716)
	at org.testng.internal.Invoker.invokeTestMethods(Invoker.java:988)
	at org.testng.internal.TestMethodWorker.invokeTestMethods(TestMethodWorker.java:125)
	at org.testng.internal.TestMethodWorker.run(TestMethodWorker.java:109)
	at org.testng.TestRunner.privateRun(TestRunner.java:648)
	at org.testng.TestRunner.run(TestRunner.java:505)
	at org.testng.SuiteRunner.runTest(SuiteRunner.java:455)
	at org.testng.SuiteRunner.runSequentially(SuiteRunner.java:450)
	at org.testng.SuiteRunner.privateRun(SuiteRunner.java:415)
	at org.testng.SuiteRunner.run(SuiteRunner.java:364)
	at org.testng.SuiteRunnerWorker.runSuite(SuiteRunnerWorker.java:52)
	at org.testng.SuiteRunnerWorker.run(SuiteRunnerWorker.java:84)
	at org.testng.TestNG.runSuitesSequentially(TestNG.java:1208)
	at org.testng.TestNG.runSuitesLocally(TestNG.java:1137)
	at org.testng.TestNG.runSuites(TestNG.java:1049)
	at org.testng.TestNG.run(TestNG.java:1017)
	at org.apache.maven.surefire.testng.TestNGExecutor.run(TestNGExecutor.java:281)
	at org.apache.maven.surefire.testng.TestNGXmlTestSuite.execute(TestNGXmlTestSuite.java:75)
	at org.apache.maven.surefire.testng.TestNGProvider.invoke(TestNGProvider.java:121)
	at org.apache.maven.surefire.booter.ForkedBooter.invokeProviderInSameClassLoader(ForkedBooter.java:290)
	at org.apache.maven.surefire.booter.ForkedBooter.runSuitesInProcess(ForkedBooter.java:242)
	at org.apache.maven.surefire.booter.ForkedBooter.main(ForkedBooter.java:121)
</pre></div></td>
<td>0</td>
<td>com.unityworks.testcases.AffinitiveTest@2b4bac49</td></tr>
<tr>
<td title='com.unityworks.testcases.AffinitiveTest.unityworksReportTest()'><b>unityworksReportTest</b><br>Test class: com.unityworks.testcases.AffinitiveTest<br>Parameters: Affinitiv, BMW Affinitiv Tire, //span[text()='Bmw Affinitiv Tire'], //tbody/tr[last()]/td[5]/b, No</td>
<td><div><pre>org.testng.SkipException: Skipping this exception
	at com.unityworks.testcases.AffinitiveTest.unityworksReportTest(AffinitiveTest.java:105)
... Removed 28 stack frames</pre></div><a href='#' onClick='toggleBox("stack-trace641882263", this, "Click to show all stack frames", "Click to hide stack frames")'>Click to show all stack frames</a>
<div class='stack-trace' id='stack-trace641882263'><pre>org.testng.SkipException: Skipping this exception
	at com.unityworks.testcases.AffinitiveTest.unityworksReportTest(AffinitiveTest.java:105)
	at sun.reflect.NativeMethodAccessorImpl.invoke0(Native Method)
	at sun.reflect.NativeMethodAccessorImpl.invoke(NativeMethodAccessorImpl.java:62)
	at sun.reflect.DelegatingMethodAccessorImpl.invoke(DelegatingMethodAccessorImpl.java:43)
	at java.lang.reflect.Method.invoke(Method.java:498)
	at org.testng.internal.MethodInvocationHelper.invokeMethod(MethodInvocationHelper.java:124)
	at org.testng.internal.Invoker.invokeMethod(Invoker.java:580)
	at org.testng.internal.Invoker.invokeTestMethod(Invoker.java:716)
	at org.testng.internal.Invoker.invokeTestMethods(Invoker.java:988)
	at org.testng.internal.TestMethodWorker.invokeTestMethods(TestMethodWorker.java:125)
	at org.testng.internal.TestMethodWorker.run(TestMethodWorker.java:109)
	at org.testng.TestRunner.privateRun(TestRunner.java:648)
	at org.testng.TestRunner.run(TestRunner.java:505)
	at org.testng.SuiteRunner.runTest(SuiteRunner.java:455)
	at org.testng.SuiteRunner.runSequentially(SuiteRunner.java:450)
	at org.testng.SuiteRunner.privateRun(SuiteRunner.java:415)
	at org.testng.SuiteRunner.run(SuiteRunner.java:364)
	at org.testng.SuiteRunnerWorker.runSuite(SuiteRunnerWorker.java:52)
	at org.testng.SuiteRunnerWorker.run(SuiteRunnerWorker.java:84)
	at org.testng.TestNG.runSuitesSequentially(TestNG.java:1208)
	at org.testng.TestNG.runSuitesLocally(TestNG.java:1137)
	at org.testng.TestNG.runSuites(TestNG.java:1049)
	at org.testng.TestNG.run(TestNG.java:1017)
	at org.apache.maven.surefire.testng.TestNGExecutor.run(TestNGExecutor.java:281)
	at org.apache.maven.surefire.testng.TestNGXmlTestSuite.execute(TestNGXmlTestSuite.java:75)
	at org.apache.maven.surefire.testng.TestNGProvider.invoke(TestNGProvider.java:121)
	at org.apache.maven.surefire.booter.ForkedBooter.invokeProviderInSameClassLoader(ForkedBooter.java:290)
	at org.apache.maven.surefire.booter.ForkedBooter.runSuitesInProcess(ForkedBooter.java:242)
	at org.apache.maven.surefire.booter.ForkedBooter.main(ForkedBooter.java:121)
</pre></div></td>
<td>0</td>
<td>com.unityworks.testcases.AffinitiveTest@2b4bac49</td></tr>
<tr>
<td title='com.unityworks.testcases.AffinitiveTest.unityworksReportTest()'><b>unityworksReportTest</b><br>Test class: com.unityworks.testcases.AffinitiveTest<br>Parameters: Fiat Chrysler Automobiles, Pacifica Tier 2.5, //span[text()='Pacifica Tier 2.5'], //tbody/tr[last()]/td[2]/b, No</td>
<td><div><pre>org.testng.SkipException: Skipping this exception
	at com.unityworks.testcases.AffinitiveTest.unityworksReportTest(AffinitiveTest.java:105)
... Removed 27 stack frames</pre></div><a href='#' onClick='toggleBox("stack-trace1453606810", this, "Click to show all stack frames", "Click to hide stack frames")'>Click to show all stack frames</a>
<div class='stack-trace' id='stack-trace1453606810'><pre>org.testng.SkipException: Skipping this exception
	at com.unityworks.testcases.AffinitiveTest.unityworksReportTest(AffinitiveTest.java:105)
	at sun.reflect.GeneratedMethodAccessor1.invoke(Unknown Source)
	at sun.reflect.DelegatingMethodAccessorImpl.invoke(DelegatingMethodAccessorImpl.java:43)
	at java.lang.reflect.Method.invoke(Method.java:498)
	at org.testng.internal.MethodInvocationHelper.invokeMethod(MethodInvocationHelper.java:124)
	at org.testng.internal.Invoker.invokeMethod(Invoker.java:580)
	at org.testng.internal.Invoker.invokeTestMethod(Invoker.java:716)
	at org.testng.internal.Invoker.invokeTestMethods(Invoker.java:988)
	at org.testng.internal.TestMethodWorker.invokeTestMethods(TestMethodWorker.java:125)
	at org.testng.internal.TestMethodWorker.run(TestMethodWorker.java:109)
	at org.testng.TestRunner.privateRun(TestRunner.java:648)
	at org.testng.TestRunner.run(TestRunner.java:505)
	at org.testng.SuiteRunner.runTest(SuiteRunner.java:455)
	at org.testng.SuiteRunner.runSequentially(SuiteRunner.java:450)
	at org.testng.SuiteRunner.privateRun(SuiteRunner.java:415)
	at org.testng.SuiteRunner.run(SuiteRunner.java:364)
	at org.testng.SuiteRunnerWorker.runSuite(SuiteRunnerWorker.java:52)
	at org.testng.SuiteRunnerWorker.run(SuiteRunnerWorker.java:84)
	at org.testng.TestNG.runSuitesSequentially(TestNG.java:1208)
	at org.testng.TestNG.runSuitesLocally(TestNG.java:1137)
	at org.testng.TestNG.runSuites(TestNG.java:1049)
	at org.testng.TestNG.run(TestNG.java:1017)
	at org.apache.maven.surefire.testng.TestNGExecutor.run(TestNGExecutor.java:281)
	at org.apache.maven.surefire.testng.TestNGXmlTestSuite.execute(TestNGXmlTestSuite.java:75)
	at org.apache.maven.surefire.testng.TestNGProvider.invoke(TestNGProvider.java:121)
	at org.apache.maven.surefire.booter.ForkedBooter.invokeProviderInSameClassLoader(ForkedBooter.java:290)
	at org.apache.maven.surefire.booter.ForkedBooter.runSuitesInProcess(ForkedBooter.java:242)
	at org.apache.maven.surefire.booter.ForkedBooter.main(ForkedBooter.java:121)
</pre></div></td>
<td>0</td>
<td>com.unityworks.testcases.AffinitiveTest@2b4bac49</td></tr>
<tr>
<td title='com.unityworks.testcases.AffinitiveTest.unityworksReportTest()'><b>unityworksReportTest</b><br>Test class: com.unityworks.testcases.AffinitiveTest<br>Parameters: Fiat Chrysler Automobiles, DBC ProMaster Commercial, //span[text()='DBC ProMaster Commercial'], //tbody/tr[last()]/td[2]/b, No</td>
<td><div><pre>org.testng.SkipException: Skipping this exception
	at com.unityworks.testcases.AffinitiveTest.unityworksReportTest(AffinitiveTest.java:105)
... Removed 27 stack frames</pre></div><a href='#' onClick='toggleBox("stack-trace547923534", this, "Click to show all stack frames", "Click to hide stack frames")'>Click to show all stack frames</a>
<div class='stack-trace' id='stack-trace547923534'><pre>org.testng.SkipException: Skipping this exception
	at com.unityworks.testcases.AffinitiveTest.unityworksReportTest(AffinitiveTest.java:105)
	at sun.reflect.GeneratedMethodAccessor1.invoke(Unknown Source)
	at sun.reflect.DelegatingMethodAccessorImpl.invoke(DelegatingMethodAccessorImpl.java:43)
	at java.lang.reflect.Method.invoke(Method.java:498)
	at org.testng.internal.MethodInvocationHelper.invokeMethod(MethodInvocationHelper.java:124)
	at org.testng.internal.Invoker.invokeMethod(Invoker.java:580)
	at org.testng.internal.Invoker.invokeTestMethod(Invoker.java:716)
	at org.testng.internal.Invoker.invokeTestMethods(Invoker.java:988)
	at org.testng.internal.TestMethodWorker.invokeTestMethods(TestMethodWorker.java:125)
	at org.testng.internal.TestMethodWorker.run(TestMethodWorker.java:109)
	at org.testng.TestRunner.privateRun(TestRunner.java:648)
	at org.testng.TestRunner.run(TestRunner.java:505)
	at org.testng.SuiteRunner.runTest(SuiteRunner.java:455)
	at org.testng.SuiteRunner.runSequentially(SuiteRunner.java:450)
	at org.testng.SuiteRunner.privateRun(SuiteRunner.java:415)
	at org.testng.SuiteRunner.run(SuiteRunner.java:364)
	at org.testng.SuiteRunnerWorker.runSuite(SuiteRunnerWorker.java:52)
	at org.testng.SuiteRunnerWorker.run(SuiteRunnerWorker.java:84)
	at org.testng.TestNG.runSuitesSequentially(TestNG.java:1208)
	at org.testng.TestNG.runSuitesLocally(TestNG.java:1137)
	at org.testng.TestNG.runSuites(TestNG.java:1049)
	at org.testng.TestNG.run(TestNG.java:1017)
	at org.apache.maven.surefire.testng.TestNGExecutor.run(TestNGExecutor.java:281)
	at org.apache.maven.surefire.testng.TestNGXmlTestSuite.execute(TestNGXmlTestSuite.java:75)
	at org.apache.maven.surefire.testng.TestNGProvider.invoke(TestNGProvider.java:121)
	at org.apache.maven.surefire.booter.ForkedBooter.invokeProviderInSameClassLoader(ForkedBooter.java:290)
	at org.apache.maven.surefire.booter.ForkedBooter.runSuitesInProcess(ForkedBooter.java:242)
	at org.apache.maven.surefire.booter.ForkedBooter.main(ForkedBooter.java:121)
</pre></div></td>
<td>0</td>
<td>com.unityworks.testcases.AffinitiveTest@2b4bac49</td></tr>
</table><p>
</body>
</html>