<?xml version="1.0" encoding="UTF-8"?>
<testng-results skipped="0" failed="2" total="16" passed="14">
  <reporter-output>
  </reporter-output>
  <suite name="Command line suite" duration-ms="2396767" started-at="2018-04-03T13:22:41Z" finished-at="2018-04-03T14:02:38Z">
    <groups>
    </groups>
    <test name="Command line test" duration-ms="2396767" started-at="2018-04-03T13:22:41Z" finished-at="2018-04-03T14:02:38Z">
      <class name="com.unityworks.testcases.ReportTest">
        <test-method status="PASS" signature="epsilon_2014SalesTouchesRound1()[pri:0, instance:com.unityworks.testcases.ReportTest@672872e1]" name="epsilon_2014SalesTouchesRound1" duration-ms="20707" started-at="2018-04-03T18:52:58Z" finished-at="2018-04-03T18:53:19Z">
          <reporter-output>
          </reporter-output>
        </test-method> <!-- epsilon_2014SalesTouchesRound1 -->
        <test-method status="PASS" signature="tearDown(org.testng.ITestResult)[pri:0, instance:com.unityworks.testcases.ReportTest@672872e1]" name="tearDown" is-config="true" duration-ms="1" started-at="2018-04-03T18:53:19Z" finished-at="2018-04-03T18:53:19Z">
          <params>
            <param index="0">
              <value>
                <![CDATA[[TestResult name=epsilon_2014SalesTouchesRound1 status=SUCCESS method=ReportTest.epsilon_2014SalesTouchesRound1()[pri:0, instance:com.unityworks.testcases.ReportTest@672872e1] output={null}]]]>
              </value>
            </param>
          </params>
          <reporter-output>
          </reporter-output>
        </test-method> <!-- tearDown -->
        <test-method status="PASS" signature="epsilon_BMWAirBagRecall()[pri:0, instance:com.unityworks.testcases.ReportTest@672872e1]" name="epsilon_BMWAirBagRecall" duration-ms="85760" started-at="2018-04-03T18:53:19Z" finished-at="2018-04-03T18:54:45Z">
          <reporter-output>
          </reporter-output>
        </test-method> <!-- epsilon_BMWAirBagRecall -->
        <test-method status="PASS" signature="tearDown(org.testng.ITestResult)[pri:0, instance:com.unityworks.testcases.ReportTest@672872e1]" name="tearDown" is-config="true" duration-ms="1" started-at="2018-04-03T18:54:45Z" finished-at="2018-04-03T18:54:45Z">
          <params>
            <param index="0">
              <value>
                <![CDATA[[TestResult name=epsilon_BMWAirBagRecall status=SUCCESS method=ReportTest.epsilon_BMWAirBagRecall()[pri:0, instance:com.unityworks.testcases.ReportTest@672872e1] output={null}]]]>
              </value>
            </param>
          </params>
          <reporter-output>
          </reporter-output>
        </test-method> <!-- tearDown -->
        <test-method status="PASS" signature="epsilon_BMWT2()[pri:0, instance:com.unityworks.testcases.ReportTest@672872e1]" name="epsilon_BMWT2" duration-ms="78203" started-at="2018-04-03T18:54:45Z" finished-at="2018-04-03T18:56:03Z">
          <reporter-output>
          </reporter-output>
        </test-method> <!-- epsilon_BMWT2 -->
        <test-method status="FAIL" signature="epsilon_BusinessElite()[pri:0, instance:com.unityworks.testcases.ReportTest@672872e1]" name="epsilon_BusinessElite" duration-ms="643553" started-at="2018-04-03T18:56:03Z" finished-at="2018-04-03T19:06:47Z">
          <exception class="org.openqa.selenium.TimeoutException">
            <message>
              <![CDATA[Timed out after 600 seconds waiting for presence of element located by: By.xpath: .//*[@id='first_report']/tbody/tr[last()]/td[3]/b
Build info: version: '2.53.1', revision: 'a36b8b1cd5757287168e54b817830adce9b0158d', time: '2016-06-30 19:26:09'
System info: host: 'SEZ-10', ip: '10.191.90.120', os.name: 'Windows 10', os.arch: 'amd64', os.version: '10.0', java.version: '1.8.0_151'
Driver info: org.openqa.selenium.chrome.ChromeDriver
Capabilities [{applicationCacheEnabled=false, rotatable=false, mobileEmulationEnabled=false, networkConnectionEnabled=false, chrome={chromedriverVersion=2.37.543627 (63642262d9fb93fb4ab52398be4286d844092a5e), userDataDir=C:\Users\GAURAV~1.SHA\AppData\Local\Temp\scoped_dir8360_4864}, takesHeapSnapshot=true, pageLoadStrategy=normal, databaseEnabled=false, handlesAlerts=true, hasTouchScreen=false, version=65.0.3325.181, platform=XP, browserConnectionEnabled=false, nativeEvents=true, acceptSslCerts=false, acceptInsecureCerts=false, locationContextEnabled=true, webStorageEnabled=true, browserName=chrome, takesScreenshot=true, javascriptEnabled=true, cssSelectorsEnabled=true, setWindowRect=true, unexpectedAlertBehaviour=}]
Session ID: 9d2326c23e8452510e5f1d2f8f392bf3]]>
            </message>
            <full-stacktrace>
              <![CDATA[org.openqa.selenium.TimeoutException: Timed out after 600 seconds waiting for presence of element located by: By.xpath: .//*[@id='first_report']/tbody/tr[last()]/td[3]/b
Build info: version: '2.53.1', revision: 'a36b8b1cd5757287168e54b817830adce9b0158d', time: '2016-06-30 19:26:09'
System info: host: 'SEZ-10', ip: '10.191.90.120', os.name: 'Windows 10', os.arch: 'amd64', os.version: '10.0', java.version: '1.8.0_151'
Driver info: org.openqa.selenium.chrome.ChromeDriver
Capabilities [{applicationCacheEnabled=false, rotatable=false, mobileEmulationEnabled=false, networkConnectionEnabled=false, chrome={chromedriverVersion=2.37.543627 (63642262d9fb93fb4ab52398be4286d844092a5e), userDataDir=C:\Users\GAURAV~1.SHA\AppData\Local\Temp\scoped_dir8360_4864}, takesHeapSnapshot=true, pageLoadStrategy=normal, databaseEnabled=false, handlesAlerts=true, hasTouchScreen=false, version=65.0.3325.181, platform=XP, browserConnectionEnabled=false, nativeEvents=true, acceptSslCerts=false, acceptInsecureCerts=false, locationContextEnabled=true, webStorageEnabled=true, browserName=chrome, takesScreenshot=true, javascriptEnabled=true, cssSelectorsEnabled=true, setWindowRect=true, unexpectedAlertBehaviour=}]
Session ID: 9d2326c23e8452510e5f1d2f8f392bf3
	at org.openqa.selenium.support.ui.WebDriverWait.timeoutException(WebDriverWait.java:80)
	at org.openqa.selenium.support.ui.FluentWait.until(FluentWait.java:261)
	at com.unityworks.testcases.ReportTest.epsilon_BusinessElite(ReportTest.java:184)
	at sun.reflect.NativeMethodAccessorImpl.invoke0(Native Method)
	at sun.reflect.NativeMethodAccessorImpl.invoke(NativeMethodAccessorImpl.java:62)
	at sun.reflect.DelegatingMethodAccessorImpl.invoke(DelegatingMethodAccessorImpl.java:43)
	at java.lang.reflect.Method.invoke(Method.java:498)
	at org.testng.internal.MethodInvocationHelper.invokeMethod(MethodInvocationHelper.java:80)
	at org.testng.internal.Invoker.invokeMethod(Invoker.java:714)
	at org.testng.internal.Invoker.invokeTestMethod(Invoker.java:901)
	at org.testng.internal.Invoker.invokeTestMethods(Invoker.java:1231)
	at org.testng.internal.TestMethodWorker.invokeTestMethods(TestMethodWorker.java:127)
	at org.testng.internal.TestMethodWorker.run(TestMethodWorker.java:111)
	at org.testng.TestRunner.privateRun(TestRunner.java:767)
	at org.testng.TestRunner.run(TestRunner.java:617)
	at org.testng.SuiteRunner.runTest(SuiteRunner.java:334)
	at org.testng.SuiteRunner.runSequentially(SuiteRunner.java:329)
	at org.testng.SuiteRunner.privateRun(SuiteRunner.java:291)
	at org.testng.SuiteRunner.run(SuiteRunner.java:240)
	at org.testng.SuiteRunnerWorker.runSuite(SuiteRunnerWorker.java:52)
	at org.testng.SuiteRunnerWorker.run(SuiteRunnerWorker.java:86)
	at org.testng.TestNG.runSuitesSequentially(TestNG.java:1198)
	at org.testng.TestNG.runSuitesLocally(TestNG.java:1123)
	at org.testng.TestNG.run(TestNG.java:1031)
	at org.apache.maven.surefire.testng.TestNGExecutor.run(TestNGExecutor.java:77)
	at org.apache.maven.surefire.testng.TestNGDirectoryTestSuite.executeMulti(TestNGDirectoryTestSuite.java:159)
	at org.apache.maven.surefire.testng.TestNGDirectoryTestSuite.execute(TestNGDirectoryTestSuite.java:99)
	at org.apache.maven.surefire.testng.TestNGProvider.invoke(TestNGProvider.java:106)
	at sun.reflect.NativeMethodAccessorImpl.invoke0(Native Method)
	at sun.reflect.NativeMethodAccessorImpl.invoke(NativeMethodAccessorImpl.java:62)
	at sun.reflect.DelegatingMethodAccessorImpl.invoke(DelegatingMethodAccessorImpl.java:43)
	at java.lang.reflect.Method.invoke(Method.java:498)
	at org.apache.maven.surefire.util.ReflectionUtils.invokeMethodWithArray(ReflectionUtils.java:189)
	at org.apache.maven.surefire.booter.ProviderFactory$ProviderProxy.invoke(ProviderFactory.java:165)
	at org.apache.maven.surefire.booter.ProviderFactory.invokeProvider(ProviderFactory.java:85)
	at org.apache.maven.surefire.booter.ForkedBooter.runSuitesInProcess(ForkedBooter.java:115)
	at org.apache.maven.surefire.booter.ForkedBooter.main(ForkedBooter.java:75)
Caused by: org.openqa.selenium.NoSuchElementException: no such element: Unable to locate element: {"method":"xpath","selector":".//*[@id='first_report']/tbody/tr[last()]/td[3]/b"}
  (Session info: chrome=65.0.3325.181)
  (Driver info: chromedriver=2.37.543627 (63642262d9fb93fb4ab52398be4286d844092a5e),platform=Windows NT 10.0.15063 x86_64) (WARNING: The server did not provide any stacktrace information)
Command duration or timeout: 30.05 seconds
For documentation on this error, please visit: http://seleniumhq.org/exceptions/no_such_element.html
Build info: version: '2.53.1', revision: 'a36b8b1cd5757287168e54b817830adce9b0158d', time: '2016-06-30 19:26:09'
System info: host: 'SEZ-10', ip: '10.191.90.120', os.name: 'Windows 10', os.arch: 'amd64', os.version: '10.0', java.version: '1.8.0_151'
Driver info: org.openqa.selenium.chrome.ChromeDriver
Capabilities [{applicationCacheEnabled=false, rotatable=false, mobileEmulationEnabled=false, networkConnectionEnabled=false, chrome={chromedriverVersion=2.37.543627 (63642262d9fb93fb4ab52398be4286d844092a5e), userDataDir=C:\Users\GAURAV~1.SHA\AppData\Local\Temp\scoped_dir8360_4864}, takesHeapSnapshot=true, pageLoadStrategy=normal, databaseEnabled=false, handlesAlerts=true, hasTouchScreen=false, version=65.0.3325.181, platform=XP, browserConnectionEnabled=false, nativeEvents=true, acceptSslCerts=false, acceptInsecureCerts=false, locationContextEnabled=true, webStorageEnabled=true, browserName=chrome, takesScreenshot=true, javascriptEnabled=true, cssSelectorsEnabled=true, setWindowRect=true, unexpectedAlertBehaviour=}]
Session ID: 9d2326c23e8452510e5f1d2f8f392bf3
*** Element info: {Using=xpath, value=.//*[@id='first_report']/tbody/tr[last()]/td[3]/b}
	at sun.reflect.GeneratedConstructorAccessor38.newInstance(Unknown Source)
	at sun.reflect.DelegatingConstructorAccessorImpl.newInstance(DelegatingConstructorAccessorImpl.java:45)
	at java.lang.reflect.Constructor.newInstance(Constructor.java:423)
	at org.openqa.selenium.remote.ErrorHandler.createThrowable(ErrorHandler.java:206)
	at org.openqa.selenium.remote.ErrorHandler.throwIfResponseFailed(ErrorHandler.java:158)
	at org.openqa.selenium.remote.RemoteWebDriver.execute(RemoteWebDriver.java:678)
	at org.openqa.selenium.remote.RemoteWebDriver.findElement(RemoteWebDriver.java:363)
	at org.openqa.selenium.remote.RemoteWebDriver.findElementByXPath(RemoteWebDriver.java:500)
	at org.openqa.selenium.By$ByXPath.findElement(By.java:361)
	at org.openqa.selenium.remote.RemoteWebDriver.findElement(RemoteWebDriver.java:355)
	at org.openqa.selenium.support.ui.ExpectedConditions.findElement(ExpectedConditions.java:899)
	at org.openqa.selenium.support.ui.ExpectedConditions.access$000(ExpectedConditions.java:41)
	at org.openqa.selenium.support.ui.ExpectedConditions$6.apply(ExpectedConditions.java:181)
	at org.openqa.selenium.support.ui.ExpectedConditions$6.apply(ExpectedConditions.java:178)
	at org.openqa.selenium.support.ui.FluentWait.until(FluentWait.java:238)
	... 35 more
]]>
            </full-stacktrace>
          </exception> <!-- org.openqa.selenium.TimeoutException -->
          <reporter-output>
          </reporter-output>
        </test-method> <!-- epsilon_BusinessElite -->
        <test-method status="PASS" signature="tearDown(org.testng.ITestResult)[pri:0, instance:com.unityworks.testcases.ReportTest@672872e1]" name="tearDown" is-config="true" duration-ms="0" started-at="2018-04-03T18:56:03Z" finished-at="2018-04-03T18:56:03Z">
          <params>
            <param index="0">
              <value>
                <![CDATA[[TestResult name=epsilon_BMWT2 status=SUCCESS method=ReportTest.epsilon_BMWT2()[pri:0, instance:com.unityworks.testcases.ReportTest@672872e1] output={null}]]]>
              </value>
            </param>
          </params>
          <reporter-output>
          </reporter-output>
        </test-method> <!-- tearDown -->
        <test-method status="PASS" signature="tearDown(org.testng.ITestResult)[pri:0, instance:com.unityworks.testcases.ReportTest@672872e1]" name="tearDown" is-config="true" duration-ms="615" started-at="2018-04-03T19:06:47Z" finished-at="2018-04-03T19:06:47Z">
          <params>
            <param index="0">
              <value>
                <![CDATA[[TestResult name=epsilon_BusinessElite status=FAILURE method=ReportTest.epsilon_BusinessElite()[pri:0, instance:com.unityworks.testcases.ReportTest@672872e1] output={null}]]]>
              </value>
            </param>
          </params>
          <reporter-output>
          </reporter-output>
        </test-method> <!-- tearDown -->
        <test-method status="PASS" signature="epsilon_CSSRLease()[pri:0, instance:com.unityworks.testcases.ReportTest@672872e1]" name="epsilon_CSSRLease" duration-ms="79504" started-at="2018-04-03T19:06:47Z" finished-at="2018-04-03T19:08:07Z">
          <reporter-output>
          </reporter-output>
        </test-method> <!-- epsilon_CSSRLease -->
        <test-method status="PASS" signature="epsilon_CSSROLA()[pri:0, instance:com.unityworks.testcases.ReportTest@672872e1]" name="epsilon_CSSROLA" duration-ms="92001" started-at="2018-04-03T19:08:07Z" finished-at="2018-04-03T19:09:39Z">
          <reporter-output>
          </reporter-output>
        </test-method> <!-- epsilon_CSSROLA -->
        <test-method status="PASS" signature="tearDown(org.testng.ITestResult)[pri:0, instance:com.unityworks.testcases.ReportTest@672872e1]" name="tearDown" is-config="true" duration-ms="0" started-at="2018-04-03T19:08:07Z" finished-at="2018-04-03T19:08:07Z">
          <params>
            <param index="0">
              <value>
                <![CDATA[[TestResult name=epsilon_CSSRLease status=SUCCESS method=ReportTest.epsilon_CSSRLease()[pri:0, instance:com.unityworks.testcases.ReportTest@672872e1] output={null}]]]>
              </value>
            </param>
          </params>
          <reporter-output>
          </reporter-output>
        </test-method> <!-- tearDown -->
        <test-method status="PASS" signature="tearDown(org.testng.ITestResult)[pri:0, instance:com.unityworks.testcases.ReportTest@672872e1]" name="tearDown" is-config="true" duration-ms="0" started-at="2018-04-03T19:09:39Z" finished-at="2018-04-03T19:09:39Z">
          <params>
            <param index="0">
              <value>
                <![CDATA[[TestResult name=epsilon_CSSROLA status=SUCCESS method=ReportTest.epsilon_CSSROLA()[pri:0, instance:com.unityworks.testcases.ReportTest@672872e1] output={null}]]]>
              </value>
            </param>
          </params>
          <reporter-output>
          </reporter-output>
        </test-method> <!-- tearDown -->
        <test-method status="FAIL" signature="epsilon_CSSR_CarCare()[pri:0, instance:com.unityworks.testcases.ReportTest@672872e1]" name="epsilon_CSSR_CarCare" duration-ms="643427" started-at="2018-04-03T19:09:39Z" finished-at="2018-04-03T19:20:22Z">
          <exception class="org.openqa.selenium.TimeoutException">
            <message>
              <![CDATA[Timed out after 600 seconds waiting for presence of element located by: By.xpath: .//*[@id='first_report']/tbody/tr[last()]/td[5]/b
Build info: version: '2.53.1', revision: 'a36b8b1cd5757287168e54b817830adce9b0158d', time: '2016-06-30 19:26:09'
System info: host: 'SEZ-10', ip: '10.191.90.120', os.name: 'Windows 10', os.arch: 'amd64', os.version: '10.0', java.version: '1.8.0_151'
Driver info: org.openqa.selenium.chrome.ChromeDriver
Capabilities [{applicationCacheEnabled=false, rotatable=false, mobileEmulationEnabled=false, networkConnectionEnabled=false, chrome={chromedriverVersion=2.37.543627 (63642262d9fb93fb4ab52398be4286d844092a5e), userDataDir=C:\Users\GAURAV~1.SHA\AppData\Local\Temp\scoped_dir8360_4864}, takesHeapSnapshot=true, pageLoadStrategy=normal, databaseEnabled=false, handlesAlerts=true, hasTouchScreen=false, version=65.0.3325.181, platform=XP, browserConnectionEnabled=false, nativeEvents=true, acceptSslCerts=false, acceptInsecureCerts=false, locationContextEnabled=true, webStorageEnabled=true, browserName=chrome, takesScreenshot=true, javascriptEnabled=true, cssSelectorsEnabled=true, setWindowRect=true, unexpectedAlertBehaviour=}]
Session ID: 9d2326c23e8452510e5f1d2f8f392bf3]]>
            </message>
            <full-stacktrace>
              <![CDATA[org.openqa.selenium.TimeoutException: Timed out after 600 seconds waiting for presence of element located by: By.xpath: .//*[@id='first_report']/tbody/tr[last()]/td[5]/b
Build info: version: '2.53.1', revision: 'a36b8b1cd5757287168e54b817830adce9b0158d', time: '2016-06-30 19:26:09'
System info: host: 'SEZ-10', ip: '10.191.90.120', os.name: 'Windows 10', os.arch: 'amd64', os.version: '10.0', java.version: '1.8.0_151'
Driver info: org.openqa.selenium.chrome.ChromeDriver
Capabilities [{applicationCacheEnabled=false, rotatable=false, mobileEmulationEnabled=false, networkConnectionEnabled=false, chrome={chromedriverVersion=2.37.543627 (63642262d9fb93fb4ab52398be4286d844092a5e), userDataDir=C:\Users\GAURAV~1.SHA\AppData\Local\Temp\scoped_dir8360_4864}, takesHeapSnapshot=true, pageLoadStrategy=normal, databaseEnabled=false, handlesAlerts=true, hasTouchScreen=false, version=65.0.3325.181, platform=XP, browserConnectionEnabled=false, nativeEvents=true, acceptSslCerts=false, acceptInsecureCerts=false, locationContextEnabled=true, webStorageEnabled=true, browserName=chrome, takesScreenshot=true, javascriptEnabled=true, cssSelectorsEnabled=true, setWindowRect=true, unexpectedAlertBehaviour=}]
Session ID: 9d2326c23e8452510e5f1d2f8f392bf3
	at org.openqa.selenium.support.ui.WebDriverWait.timeoutException(WebDriverWait.java:80)
	at org.openqa.selenium.support.ui.FluentWait.until(FluentWait.java:261)
	at com.unityworks.testcases.ReportTest.epsilon_CSSR_CarCare(ReportTest.java:243)
	at sun.reflect.NativeMethodAccessorImpl.invoke0(Native Method)
	at sun.reflect.NativeMethodAccessorImpl.invoke(NativeMethodAccessorImpl.java:62)
	at sun.reflect.DelegatingMethodAccessorImpl.invoke(DelegatingMethodAccessorImpl.java:43)
	at java.lang.reflect.Method.invoke(Method.java:498)
	at org.testng.internal.MethodInvocationHelper.invokeMethod(MethodInvocationHelper.java:80)
	at org.testng.internal.Invoker.invokeMethod(Invoker.java:714)
	at org.testng.internal.Invoker.invokeTestMethod(Invoker.java:901)
	at org.testng.internal.Invoker.invokeTestMethods(Invoker.java:1231)
	at org.testng.internal.TestMethodWorker.invokeTestMethods(TestMethodWorker.java:127)
	at org.testng.internal.TestMethodWorker.run(TestMethodWorker.java:111)
	at org.testng.TestRunner.privateRun(TestRunner.java:767)
	at org.testng.TestRunner.run(TestRunner.java:617)
	at org.testng.SuiteRunner.runTest(SuiteRunner.java:334)
	at org.testng.SuiteRunner.runSequentially(SuiteRunner.java:329)
	at org.testng.SuiteRunner.privateRun(SuiteRunner.java:291)
	at org.testng.SuiteRunner.run(SuiteRunner.java:240)
	at org.testng.SuiteRunnerWorker.runSuite(SuiteRunnerWorker.java:52)
	at org.testng.SuiteRunnerWorker.run(SuiteRunnerWorker.java:86)
	at org.testng.TestNG.runSuitesSequentially(TestNG.java:1198)
	at org.testng.TestNG.runSuitesLocally(TestNG.java:1123)
	at org.testng.TestNG.run(TestNG.java:1031)
	at org.apache.maven.surefire.testng.TestNGExecutor.run(TestNGExecutor.java:77)
	at org.apache.maven.surefire.testng.TestNGDirectoryTestSuite.executeMulti(TestNGDirectoryTestSuite.java:159)
	at org.apache.maven.surefire.testng.TestNGDirectoryTestSuite.execute(TestNGDirectoryTestSuite.java:99)
	at org.apache.maven.surefire.testng.TestNGProvider.invoke(TestNGProvider.java:106)
	at sun.reflect.NativeMethodAccessorImpl.invoke0(Native Method)
	at sun.reflect.NativeMethodAccessorImpl.invoke(NativeMethodAccessorImpl.java:62)
	at sun.reflect.DelegatingMethodAccessorImpl.invoke(DelegatingMethodAccessorImpl.java:43)
	at java.lang.reflect.Method.invoke(Method.java:498)
	at org.apache.maven.surefire.util.ReflectionUtils.invokeMethodWithArray(ReflectionUtils.java:189)
	at org.apache.maven.surefire.booter.ProviderFactory$ProviderProxy.invoke(ProviderFactory.java:165)
	at org.apache.maven.surefire.booter.ProviderFactory.invokeProvider(ProviderFactory.java:85)
	at org.apache.maven.surefire.booter.ForkedBooter.runSuitesInProcess(ForkedBooter.java:115)
	at org.apache.maven.surefire.booter.ForkedBooter.main(ForkedBooter.java:75)
Caused by: org.openqa.selenium.NoSuchElementException: no such element: Unable to locate element: {"method":"xpath","selector":".//*[@id='first_report']/tbody/tr[last()]/td[5]/b"}
  (Session info: chrome=65.0.3325.181)
  (Driver info: chromedriver=2.37.543627 (63642262d9fb93fb4ab52398be4286d844092a5e),platform=Windows NT 10.0.15063 x86_64) (WARNING: The server did not provide any stacktrace information)
Command duration or timeout: 30.05 seconds
For documentation on this error, please visit: http://seleniumhq.org/exceptions/no_such_element.html
Build info: version: '2.53.1', revision: 'a36b8b1cd5757287168e54b817830adce9b0158d', time: '2016-06-30 19:26:09'
System info: host: 'SEZ-10', ip: '10.191.90.120', os.name: 'Windows 10', os.arch: 'amd64', os.version: '10.0', java.version: '1.8.0_151'
Driver info: org.openqa.selenium.chrome.ChromeDriver
Capabilities [{applicationCacheEnabled=false, rotatable=false, mobileEmulationEnabled=false, networkConnectionEnabled=false, chrome={chromedriverVersion=2.37.543627 (63642262d9fb93fb4ab52398be4286d844092a5e), userDataDir=C:\Users\GAURAV~1.SHA\AppData\Local\Temp\scoped_dir8360_4864}, takesHeapSnapshot=true, pageLoadStrategy=normal, databaseEnabled=false, handlesAlerts=true, hasTouchScreen=false, version=65.0.3325.181, platform=XP, browserConnectionEnabled=false, nativeEvents=true, acceptSslCerts=false, acceptInsecureCerts=false, locationContextEnabled=true, webStorageEnabled=true, browserName=chrome, takesScreenshot=true, javascriptEnabled=true, cssSelectorsEnabled=true, setWindowRect=true, unexpectedAlertBehaviour=}]
Session ID: 9d2326c23e8452510e5f1d2f8f392bf3
*** Element info: {Using=xpath, value=.//*[@id='first_report']/tbody/tr[last()]/td[5]/b}
	at sun.reflect.GeneratedConstructorAccessor38.newInstance(Unknown Source)
	at sun.reflect.DelegatingConstructorAccessorImpl.newInstance(DelegatingConstructorAccessorImpl.java:45)
	at java.lang.reflect.Constructor.newInstance(Constructor.java:423)
	at org.openqa.selenium.remote.ErrorHandler.createThrowable(ErrorHandler.java:206)
	at org.openqa.selenium.remote.ErrorHandler.throwIfResponseFailed(ErrorHandler.java:158)
	at org.openqa.selenium.remote.RemoteWebDriver.execute(RemoteWebDriver.java:678)
	at org.openqa.selenium.remote.RemoteWebDriver.findElement(RemoteWebDriver.java:363)
	at org.openqa.selenium.remote.RemoteWebDriver.findElementByXPath(RemoteWebDriver.java:500)
	at org.openqa.selenium.By$ByXPath.findElement(By.java:361)
	at org.openqa.selenium.remote.RemoteWebDriver.findElement(RemoteWebDriver.java:355)
	at org.openqa.selenium.support.ui.ExpectedConditions.findElement(ExpectedConditions.java:899)
	at org.openqa.selenium.support.ui.ExpectedConditions.access$000(ExpectedConditions.java:41)
	at org.openqa.selenium.support.ui.ExpectedConditions$6.apply(ExpectedConditions.java:181)
	at org.openqa.selenium.support.ui.ExpectedConditions$6.apply(ExpectedConditions.java:178)
	at org.openqa.selenium.support.ui.FluentWait.until(FluentWait.java:238)
	... 35 more
]]>
            </full-stacktrace>
          </exception> <!-- org.openqa.selenium.TimeoutException -->
          <reporter-output>
          </reporter-output>
        </test-method> <!-- epsilon_CSSR_CarCare -->
        <test-method status="PASS" signature="tearDown(org.testng.ITestResult)[pri:0, instance:com.unityworks.testcases.ReportTest@672872e1]" name="tearDown" is-config="true" duration-ms="606" started-at="2018-04-03T19:20:22Z" finished-at="2018-04-03T19:20:23Z">
          <params>
            <param index="0">
              <value>
                <![CDATA[[TestResult name=epsilon_CSSR_CarCare status=FAILURE method=ReportTest.epsilon_CSSR_CarCare()[pri:0, instance:com.unityworks.testcases.ReportTest@672872e1] output={null}]]]>
              </value>
            </param>
          </params>
          <reporter-output>
          </reporter-output>
        </test-method> <!-- tearDown -->
        <test-method status="PASS" signature="epsilon_CSSR_EVO_OLA_Combined()[pri:0, instance:com.unityworks.testcases.ReportTest@672872e1]" name="epsilon_CSSR_EVO_OLA_Combined" duration-ms="195456" started-at="2018-04-03T19:20:23Z" finished-at="2018-04-03T19:23:38Z">
          <reporter-output>
          </reporter-output>
        </test-method> <!-- epsilon_CSSR_EVO_OLA_Combined -->
        <test-method status="PASS" signature="tearDown(org.testng.ITestResult)[pri:0, instance:com.unityworks.testcases.ReportTest@672872e1]" name="tearDown" is-config="true" duration-ms="0" started-at="2018-04-03T19:23:38Z" finished-at="2018-04-03T19:23:38Z">
          <params>
            <param index="0">
              <value>
                <![CDATA[[TestResult name=epsilon_CSSR_EVO_OLA_Combined status=SUCCESS method=ReportTest.epsilon_CSSR_EVO_OLA_Combined()[pri:0, instance:com.unityworks.testcases.ReportTest@672872e1] output={null}]]]>
              </value>
            </param>
          </params>
          <reporter-output>
          </reporter-output>
        </test-method> <!-- tearDown -->
        <test-method status="PASS" signature="epsilon_Cherokee()[pri:0, instance:com.unityworks.testcases.ReportTest@672872e1]" name="epsilon_Cherokee" duration-ms="68960" started-at="2018-04-03T19:23:38Z" finished-at="2018-04-03T19:24:47Z">
          <reporter-output>
          </reporter-output>
        </test-method> <!-- epsilon_Cherokee -->
        <test-method status="PASS" signature="tearDown(org.testng.ITestResult)[pri:0, instance:com.unityworks.testcases.ReportTest@672872e1]" name="tearDown" is-config="true" duration-ms="1" started-at="2018-04-03T19:24:47Z" finished-at="2018-04-03T19:24:47Z">
          <params>
            <param index="0">
              <value>
                <![CDATA[[TestResult name=epsilon_Cherokee status=SUCCESS method=ReportTest.epsilon_Cherokee()[pri:0, instance:com.unityworks.testcases.ReportTest@672872e1] output={null}]]]>
              </value>
            </param>
          </params>
          <reporter-output>
          </reporter-output>
        </test-method> <!-- tearDown -->
        <test-method status="PASS" signature="epsilon_FordService()[pri:0, instance:com.unityworks.testcases.ReportTest@672872e1]" name="epsilon_FordService" duration-ms="69066" started-at="2018-04-03T19:24:47Z" finished-at="2018-04-03T19:25:56Z">
          <reporter-output>
          </reporter-output>
        </test-method> <!-- epsilon_FordService -->
        <test-method status="PASS" signature="tearDown(org.testng.ITestResult)[pri:0, instance:com.unityworks.testcases.ReportTest@672872e1]" name="tearDown" is-config="true" duration-ms="1" started-at="2018-04-03T19:25:56Z" finished-at="2018-04-03T19:25:56Z">
          <params>
            <param index="0">
              <value>
                <![CDATA[[TestResult name=epsilon_FordService status=SUCCESS method=ReportTest.epsilon_FordService()[pri:0, instance:com.unityworks.testcases.ReportTest@672872e1] output={null}]]]>
              </value>
            </param>
          </params>
          <reporter-output>
          </reporter-output>
        </test-method> <!-- tearDown -->
        <test-method status="PASS" signature="epsilon_FordTruck()[pri:0, instance:com.unityworks.testcases.ReportTest@672872e1]" name="epsilon_FordTruck" duration-ms="68634" started-at="2018-04-03T19:25:56Z" finished-at="2018-04-03T19:27:05Z">
          <reporter-output>
          </reporter-output>
        </test-method> <!-- epsilon_FordTruck -->
        <test-method status="PASS" signature="tearDown(org.testng.ITestResult)[pri:0, instance:com.unityworks.testcases.ReportTest@672872e1]" name="tearDown" is-config="true" duration-ms="0" started-at="2018-04-03T19:27:05Z" finished-at="2018-04-03T19:27:05Z">
          <params>
            <param index="0">
              <value>
                <![CDATA[[TestResult name=epsilon_FordTruck status=SUCCESS method=ReportTest.epsilon_FordTruck()[pri:0, instance:com.unityworks.testcases.ReportTest@672872e1] output={null}]]]>
              </value>
            </param>
          </params>
          <reporter-output>
          </reporter-output>
        </test-method> <!-- tearDown -->
        <test-method status="PASS" signature="epsilon_HondaLcc()[pri:0, instance:com.unityworks.testcases.ReportTest@672872e1]" name="epsilon_HondaLcc" duration-ms="75110" started-at="2018-04-03T19:27:05Z" finished-at="2018-04-03T19:28:20Z">
          <reporter-output>
          </reporter-output>
        </test-method> <!-- epsilon_HondaLcc -->
        <test-method status="PASS" signature="tearDown(org.testng.ITestResult)[pri:0, instance:com.unityworks.testcases.ReportTest@672872e1]" name="tearDown" is-config="true" duration-ms="0" started-at="2018-04-03T19:28:20Z" finished-at="2018-04-03T19:28:20Z">
          <params>
            <param index="0">
              <value>
                <![CDATA[[TestResult name=epsilon_HondaLcc status=SUCCESS method=ReportTest.epsilon_HondaLcc()[pri:0, instance:com.unityworks.testcases.ReportTest@672872e1] output={null}]]]>
              </value>
            </param>
          </params>
          <reporter-output>
          </reporter-output>
        </test-method> <!-- tearDown -->
        <test-method status="PASS" signature="epsilon_HondaSPS()[pri:0, instance:com.unityworks.testcases.ReportTest@672872e1]" name="epsilon_HondaSPS" duration-ms="92109" started-at="2018-04-03T19:28:20Z" finished-at="2018-04-03T19:29:52Z">
          <reporter-output>
          </reporter-output>
        </test-method> <!-- epsilon_HondaSPS -->
        <test-method status="PASS" signature="tearDown(org.testng.ITestResult)[pri:0, instance:com.unityworks.testcases.ReportTest@672872e1]" name="tearDown" is-config="true" duration-ms="0" started-at="2018-04-03T19:29:52Z" finished-at="2018-04-03T19:29:52Z">
          <params>
            <param index="0">
              <value>
                <![CDATA[[TestResult name=epsilon_HondaSPS status=SUCCESS method=ReportTest.epsilon_HondaSPS()[pri:0, instance:com.unityworks.testcases.ReportTest@672872e1] output={null}]]]>
              </value>
            </param>
          </params>
          <reporter-output>
          </reporter-output>
        </test-method> <!-- tearDown -->
        <test-method status="PASS" signature="epsilon_HyundaiEM()[pri:0, instance:com.unityworks.testcases.ReportTest@672872e1]" name="epsilon_HyundaiEM" duration-ms="92340" started-at="2018-04-03T19:29:52Z" finished-at="2018-04-03T19:31:24Z">
          <reporter-output>
          </reporter-output>
        </test-method> <!-- epsilon_HyundaiEM -->
        <test-method status="PASS" signature="tearDown(org.testng.ITestResult)[pri:0, instance:com.unityworks.testcases.ReportTest@672872e1]" name="tearDown" is-config="true" duration-ms="0" started-at="2018-04-03T19:31:24Z" finished-at="2018-04-03T19:31:24Z">
          <params>
            <param index="0">
              <value>
                <![CDATA[[TestResult name=epsilon_HyundaiEM status=SUCCESS method=ReportTest.epsilon_HyundaiEM()[pri:0, instance:com.unityworks.testcases.ReportTest@672872e1] output={null}]]]>
              </value>
            </param>
          </params>
          <reporter-output>
          </reporter-output>
        </test-method> <!-- tearDown -->
        <test-method status="PASS" signature="epsilon_InterceptLMA()[pri:0, instance:com.unityworks.testcases.ReportTest@672872e1]" name="epsilon_InterceptLMA" duration-ms="73311" started-at="2018-04-03T19:31:24Z" finished-at="2018-04-03T19:32:38Z">
          <reporter-output>
          </reporter-output>
        </test-method> <!-- epsilon_InterceptLMA -->
        <test-method status="PASS" signature="tearDown(org.testng.ITestResult)[pri:0, instance:com.unityworks.testcases.ReportTest@672872e1]" name="tearDown" is-config="true" duration-ms="1" started-at="2018-04-03T19:32:38Z" finished-at="2018-04-03T19:32:38Z">
          <params>
            <param index="0">
              <value>
                <![CDATA[[TestResult name=epsilon_InterceptLMA status=SUCCESS method=ReportTest.epsilon_InterceptLMA()[pri:0, instance:com.unityworks.testcases.ReportTest@672872e1] output={null}]]]>
              </value>
            </param>
          </params>
          <reporter-output>
          </reporter-output>
        </test-method> <!-- tearDown -->
      </class> <!-- com.unityworks.testcases.ReportTest -->
      <class name="com.unityworks.testcases.AffinitiveTest">
        <test-method status="PASS" signature="initialize()[pri:0, instance:com.unityworks.testcases.AffinitiveTest@175b9425]" name="initialize" is-config="true" duration-ms="3640" started-at="2018-04-03T18:52:38Z" finished-at="2018-04-03T18:52:41Z">
          <reporter-output>
          </reporter-output>
        </test-method> <!-- initialize -->
        <test-method status="PASS" signature="setExtent()[pri:0, instance:com.unityworks.testcases.AffinitiveTest@175b9425]" name="setExtent" is-config="true" duration-ms="52" started-at="2018-04-03T18:52:41Z" finished-at="2018-04-03T18:52:41Z">
          <reporter-output>
          </reporter-output>
        </test-method> <!-- setExtent -->
        <test-method status="PASS" signature="setup()[pri:0, instance:com.unityworks.testcases.ReportTest@672872e1]" name="setup" is-config="true" duration-ms="92" started-at="2018-04-03T18:52:41Z" depends-on-methods="com.unityworks.core.CoreClass.setExtent" finished-at="2018-04-03T18:52:41Z">
          <reporter-output>
          </reporter-output>
        </test-method> <!-- setup -->
        <test-method status="PASS" signature="setup()[pri:0, instance:com.unityworks.testcases.AffinitiveTest@175b9425]" name="setup" is-config="true" duration-ms="69" started-at="2018-04-03T18:52:41Z" depends-on-methods="com.unityworks.testcases.ReportTest.setup, com.unityworks.core.CoreClass.setExtent" finished-at="2018-04-03T18:52:41Z">
          <reporter-output>
          </reporter-output>
        </test-method> <!-- setup -->
        <test-method status="PASS" signature="affinitive_BMWAffinitiveTire()[pri:0, instance:com.unityworks.testcases.AffinitiveTest@175b9425]" name="affinitive_BMWAffinitiveTire" duration-ms="16994" started-at="2018-04-03T18:52:41Z" finished-at="2018-04-03T18:52:58Z">
          <reporter-output>
          </reporter-output>
        </test-method> <!-- affinitive_BMWAffinitiveTire -->
        <test-method status="PASS" signature="tearDown(org.testng.ITestResult)[pri:0, instance:com.unityworks.testcases.AffinitiveTest@175b9425]" name="tearDown" is-config="true" duration-ms="2" started-at="2018-04-03T18:52:58Z" finished-at="2018-04-03T18:52:58Z">
          <params>
            <param index="0">
              <value>
                <![CDATA[[TestResult name=affinitive_BMWAffinitiveTire status=SUCCESS method=AffinitiveTest.affinitive_BMWAffinitiveTire()[pri:0, instance:com.unityworks.testcases.AffinitiveTest@175b9425] output={null}]]]>
              </value>
            </param>
          </params>
          <reporter-output>
          </reporter-output>
        </test-method> <!-- tearDown -->
        <test-method status="PASS" signature="endReport()[pri:0, instance:com.unityworks.testcases.AffinitiveTest@175b9425]" name="endReport" is-config="true" duration-ms="180" started-at="2018-04-03T19:32:38Z" finished-at="2018-04-03T19:32:38Z">
          <reporter-output>
          </reporter-output>
        </test-method> <!-- endReport -->
        <test-method status="PASS" signature="SendEmail()[pri:0, instance:com.unityworks.testcases.AffinitiveTest@175b9425]" name="SendEmail" is-config="true" duration-ms="0" started-at="2018-04-03T19:32:38Z" finished-at="2018-04-03T19:32:38Z">
          <reporter-output>
          </reporter-output>
        </test-method> <!-- SendEmail -->
      </class> <!-- com.unityworks.testcases.AffinitiveTest -->
    </test> <!-- Command line test -->
  </suite> <!-- Command line suite -->
</testng-results>
